{"meta": {"format": 3, "version": "7.12.1b1", "timestamp": "2026-01-18T13:05:42.388157", "branch_coverage": false, "show_contexts": false}, "files": {"src/r2x_reeds/__init__.py": {"executed_lines": [1, 7, 9, 11, 14, 15, 40, 41, 42, 44, 46, 48], "summary": {"covered_lines": 11, "num_statements": 11, "percent_covered": 100.0, "percent_covered_display": "100.00", "missing_lines": 0, "excluded_lines": 0, "percent_statements_covered": 100.0, "percent_statements_covered_display": "100.00"}, "missing_lines": [], "excluded_lines": [], "functions": {"": {"executed_lines": [1, 7, 9, 11, 14, 15, 40, 41, 42, 44, 46, 48], "summary": {"covered_lines": 11, "num_statements": 11, "percent_covered": 100.0, "percent_covered_display": "100.00", "missing_lines": 0, "excluded_lines": 0, "percent_statements_covered": 100.0, "percent_statements_covered_display": "100.00"}, "missing_lines": [], "excluded_lines": []}}, "classes": {"": {"executed_lines": [1, 7, 9, 11, 14, 15, 40, 41, 42, 44, 46, 48], "summary": {"covered_lines": 11, "num_statements": 11, "percent_covered": 100.0, "percent_covered_display": "100.00", "missing_lines": 0, "excluded_lines": 0, "percent_statements_covered": 100.0, "percent_statements_covered_display": "100.00"}, "missing_lines": [], "excluded_lines": []}}}, "src/r2x_reeds/enum_mappings.py": {"executed_lines": [1, 8, 10, 12, 14, 21, 27, 52, 53, 54, 55, 58, 83, 84, 85, 86, 89, 114, 115, 116, 117, 118, 119, 122, 152, 153, 155, 156, 157, 158, 159, 160], "summary": {"covered_lines": 31, "num_statements": 31, "percent_covered": 100.0, "percent_covered_display": "100.00", "missing_lines": 0, "excluded_lines": 0, "percent_statements_covered": 100.0, "percent_statements_covered_display": "100.00"}, "missing_lines": [], "excluded_lines": [], "functions": {"map_reserve_type": {"executed_lines": [52, 53, 54, 55], "summary": {"covered_lines": 4, "num_statements": 4, "percent_covered": 100.0, "percent_covered_display": "100.00", "missing_lines": 0, "excluded_lines": 0, "percent_statements_covered": 100.0, "percent_statements_covered_display": "100.00"}, "missing_lines": [], "excluded_lines": []}, "map_reserve_direction": {"executed_lines": [83, 84, 85, 86], "summary": {"covered_lines": 4, "num_statements": 4, "percent_covered": 100.0, "percent_covered_display": "100.00", "missing_lines": 0, "excluded_lines": 0, "percent_statements_covered": 100.0, "percent_statements_covered_display": "100.00"}, "missing_lines": [], "excluded_lines": []}, "map_emission_type": {"executed_lines": [114, 115, 116, 117, 118, 119], "summary": {"covered_lines": 6, "num_statements": 6, "percent_covered": 100.0, "percent_covered_display": "100.00", "missing_lines": 0, "excluded_lines": 0, "percent_statements_covered": 100.0, "percent_statements_covered_display": "100.00"}, "missing_lines": [], "excluded_lines": []}, "map_emission_source": {"executed_lines": [152, 153, 155, 156, 157, 158, 159, 160], "summary": {"covered_lines": 8, "num_statements": 8, "percent_covered": 100.0, "percent_covered_display": "100.00", "missing_lines": 0, "excluded_lines": 0, "percent_statements_covered": 100.0, "percent_statements_covered_display": "100.00"}, "missing_lines": [], "excluded_lines": []}, "": {"executed_lines": [1, 8, 10, 12, 14, 21, 27, 58, 89, 122], "summary": {"covered_lines": 9, "num_statements": 9, "percent_covered": 100.0, "percent_covered_display": "100.00", "missing_lines": 0, "excluded_lines": 0, "percent_statements_covered": 100.0, "percent_statements_covered_display": "100.00"}, "missing_lines": [], "excluded_lines": []}}, "classes": {"": {"executed_lines": [1, 8, 10, 12, 14, 21, 27, 52, 53, 54, 55, 58, 83, 84, 85, 86, 89, 114, 115, 116, 117, 118, 119, 122, 152, 153, 155, 156, 157, 158, 159, 160], "summary": {"covered_lines": 31, "num_statements": 31, "percent_covered": 100.0, "percent_covered_display": "100.00", "missing_lines": 0, "excluded_lines": 0, "percent_statements_covered": 100.0, "percent_statements_covered_display": "100.00"}, "missing_lines": [], "excluded_lines": []}}}, "src/r2x_reeds/getters.py": {"executed_lines": [1, 3, 5, 7, 8, 10, 16, 17, 18, 19, 20, 23, 24, 27, 28, 43, 45, 46, 47, 48, 50, 52, 53, 54, 55, 58, 59, 62, 63, 64, 65, 67, 68, 69, 72, 73, 76, 78, 80, 81, 82, 83, 84, 85, 86, 89, 90, 105, 107, 108, 109, 112, 113, 114, 115, 116, 119, 120, 135, 136, 137, 138, 140, 141, 142, 143, 144, 147, 148, 151, 152, 153, 154, 155, 156, 157, 160, 161, 164, 165, 166, 167, 168, 169, 170, 171, 174, 175, 178, 179, 180, 181, 182, 183, 184, 187, 188, 191, 192, 193, 194, 195, 196, 197, 200, 201, 203, 204, 205, 206, 207, 210, 211, 213, 214, 215, 216, 217, 220, 221, 223, 224, 225, 226, 228, 229, 230, 231, 233, 238, 239, 242, 243, 244, 246, 247, 248, 251, 252, 255, 256, 257, 258, 259, 262, 263, 266, 267, 268, 270, 275, 276, 279, 282, 283, 286, 289, 293, 295, 296, 297, 298, 300, 302, 303, 304, 305, 308, 312, 314, 315, 316, 317, 319, 321, 322, 323, 324, 327, 328, 331, 334, 335, 338, 339, 340, 342, 343, 345, 346, 347, 348, 351, 352, 355, 356, 357, 358, 360, 361, 363, 364, 365, 368, 369, 372, 373, 375, 377, 378, 379, 381, 382, 383, 385, 386, 391, 392, 395, 396, 397, 398, 399, 400, 402, 403, 404], "summary": {"covered_lines": 226, "num_statements": 239, "percent_covered": 94.56066945606695, "percent_covered_display": "94.56", "missing_lines": 13, "excluded_lines": 0, "percent_statements_covered": 94.56066945606695, "percent_statements_covered_display": "94.56"}, "missing_lines": [51, 110, 234, 235, 245, 269, 271, 272, 301, 320, 384, 387, 388], "excluded_lines": [], "functions": {"_reeds_getter": {"executed_lines": [24], "summary": {"covered_lines": 1, "num_statements": 1, "percent_covered": 100.0, "percent_covered_display": "100.00", "missing_lines": 0, "excluded_lines": 0, "percent_statements_covered": 100.0, "percent_statements_covered_display": "100.00"}, "missing_lines": [], "excluded_lines": []}, "lookup_region": {"executed_lines": [43, 45, 46, 47, 48, 50, 52, 53, 54, 55], "summary": {"covered_lines": 10, "num_statements": 11, "percent_covered": 90.9090909090909, "percent_covered_display": "90.91", "missing_lines": 1, "excluded_lines": 0, "percent_statements_covered": 90.9090909090909, "percent_statements_covered_display": "90.91"}, "missing_lines": [51], "excluded_lines": []}, "build_region_description": {"executed_lines": [62, 63, 64, 65, 67, 68, 69], "summary": {"covered_lines": 7, "num_statements": 7, "percent_covered": 100.0, "percent_covered_display": "100.00", "missing_lines": 0, "excluded_lines": 0, "percent_statements_covered": 100.0, "percent_statements_covered_display": "100.00"}, "missing_lines": [], "excluded_lines": []}, "build_region_name": {"executed_lines": [76, 80, 81, 82, 83, 84, 85, 86], "summary": {"covered_lines": 8, "num_statements": 8, "percent_covered": 100.0, "percent_covered_display": "100.00", "missing_lines": 0, "excluded_lines": 0, "percent_statements_covered": 100.0, "percent_statements_covered_display": "100.00"}, "missing_lines": [], "excluded_lines": []}, "build_region_name._lookup": {"executed_lines": [78], "summary": {"covered_lines": 1, "num_statements": 1, "percent_covered": 100.0, "percent_covered_display": "100.00", "missing_lines": 0, "excluded_lines": 0, "percent_statements_covered": 100.0, "percent_statements_covered_display": "100.00"}, "missing_lines": [], "excluded_lines": []}, "compute_is_dispatchable": {"executed_lines": [105, 107, 108, 109, 112, 113, 114, 115, 116], "summary": {"covered_lines": 9, "num_statements": 10, "percent_covered": 90.0, "percent_covered_display": "90.00", "missing_lines": 1, "excluded_lines": 0, "percent_statements_covered": 90.0, "percent_statements_covered_display": "90.00"}, "missing_lines": [110], "excluded_lines": []}, "build_generator_name": {"executed_lines": [135, 136, 137, 138, 140, 141, 142, 143, 144], "summary": {"covered_lines": 9, "num_statements": 9, "percent_covered": 100.0, "percent_covered_display": "100.00", "missing_lines": 0, "excluded_lines": 0, "percent_statements_covered": 100.0, "percent_statements_covered_display": "100.00"}, "missing_lines": [], "excluded_lines": []}, "build_load_name": {"executed_lines": [151, 152, 153, 154, 155, 156, 157], "summary": {"covered_lines": 7, "num_statements": 7, "percent_covered": 100.0, "percent_covered_display": "100.00", "missing_lines": 0, "excluded_lines": 0, "percent_statements_covered": 100.0, "percent_statements_covered_display": "100.00"}, "missing_lines": [], "excluded_lines": []}, "build_reserve_name": {"executed_lines": [164, 165, 166, 167, 168, 169, 170, 171], "summary": {"covered_lines": 8, "num_statements": 8, "percent_covered": 100.0, "percent_covered_display": "100.00", "missing_lines": 0, "excluded_lines": 0, "percent_statements_covered": 100.0, "percent_statements_covered_display": "100.00"}, "missing_lines": [], "excluded_lines": []}, "resolve_reserve_type": {"executed_lines": [178, 179, 180, 181, 182, 183, 184], "summary": {"covered_lines": 7, "num_statements": 7, "percent_covered": 100.0, "percent_covered_display": "100.00", "missing_lines": 0, "excluded_lines": 0, "percent_statements_covered": 100.0, "percent_statements_covered_display": "100.00"}, "missing_lines": [], "excluded_lines": []}, "resolve_reserve_direction": {"executed_lines": [191, 192, 193, 194, 195, 196, 197], "summary": {"covered_lines": 7, "num_statements": 7, "percent_covered": 100.0, "percent_covered_display": "100.00", "missing_lines": 0, "excluded_lines": 0, "percent_statements_covered": 100.0, "percent_statements_covered_display": "100.00"}, "missing_lines": [], "excluded_lines": []}, "get_storage_duration": {"executed_lines": [203, 204, 205, 206, 207], "summary": {"covered_lines": 5, "num_statements": 5, "percent_covered": 100.0, "percent_covered_display": "100.00", "missing_lines": 0, "excluded_lines": 0, "percent_statements_covered": 100.0, "percent_statements_covered_display": "100.00"}, "missing_lines": [], "excluded_lines": []}, "get_round_trip_efficiency": {"executed_lines": [213, 214, 215, 216, 217], "summary": {"covered_lines": 5, "num_statements": 5, "percent_covered": 100.0, "percent_covered_display": "100.00", "missing_lines": 0, "excluded_lines": 0, "percent_statements_covered": 100.0, "percent_statements_covered_display": "100.00"}, "missing_lines": [], "excluded_lines": []}, "get_fuel_type": {"executed_lines": [223, 224, 225, 226, 228, 229, 230, 231, 233], "summary": {"covered_lines": 9, "num_statements": 11, "percent_covered": 81.81818181818181, "percent_covered_display": "81.82", "missing_lines": 2, "excluded_lines": 0, "percent_statements_covered": 81.81818181818181, "percent_statements_covered_display": "81.82"}, "missing_lines": [234, 235], "excluded_lines": []}, "resolve_emission_type": {"executed_lines": [242, 243, 244, 246, 247, 248], "summary": {"covered_lines": 6, "num_statements": 7, "percent_covered": 85.71428571428571, "percent_covered_display": "85.71", "missing_lines": 1, "excluded_lines": 0, "percent_statements_covered": 85.71428571428571, "percent_statements_covered_display": "85.71"}, "missing_lines": [245], "excluded_lines": []}, "resolve_emission_source": {"executed_lines": [255, 256, 257, 258, 259], "summary": {"covered_lines": 5, "num_statements": 5, "percent_covered": 100.0, "percent_covered_display": "100.00", "missing_lines": 0, "excluded_lines": 0, "percent_statements_covered": 100.0, "percent_statements_covered_display": "100.00"}, "missing_lines": [], "excluded_lines": []}, "resolve_emission_generator_identifier": {"executed_lines": [266, 267, 268, 270], "summary": {"covered_lines": 4, "num_statements": 7, "percent_covered": 57.142857142857146, "percent_covered_display": "57.14", "missing_lines": 3, "excluded_lines": 0, "percent_statements_covered": 57.142857142857146, "percent_statements_covered_display": "57.14"}, "missing_lines": [269, 271, 272], "excluded_lines": []}, "lookup_from_region": {"executed_lines": [279], "summary": {"covered_lines": 1, "num_statements": 1, "percent_covered": 100.0, "percent_covered_display": "100.00", "missing_lines": 0, "excluded_lines": 0, "percent_statements_covered": 100.0, "percent_statements_covered_display": "100.00"}, "missing_lines": [], "excluded_lines": []}, "lookup_to_region": {"executed_lines": [286], "summary": {"covered_lines": 1, "num_statements": 1, "percent_covered": 100.0, "percent_covered_display": "100.00", "missing_lines": 0, "excluded_lines": 0, "percent_statements_covered": 100.0, "percent_statements_covered_display": "100.00"}, "missing_lines": [], "excluded_lines": []}, "_lookup_region_by_field": {"executed_lines": [293, 295, 296, 297, 298, 300, 302, 303, 304, 305], "summary": {"covered_lines": 10, "num_statements": 11, "percent_covered": 90.9090909090909, "percent_covered_display": "90.91", "missing_lines": 1, "excluded_lines": 0, "percent_statements_covered": 90.9090909090909, "percent_statements_covered_display": "90.91"}, "missing_lines": [301], "excluded_lines": []}, "_lookup_reserve_region_by_field": {"executed_lines": [312, 314, 315, 316, 317, 319, 321, 322, 323, 324], "summary": {"covered_lines": 10, "num_statements": 11, "percent_covered": 90.9090909090909, "percent_covered_display": "90.91", "missing_lines": 1, "excluded_lines": 0, "percent_statements_covered": 90.9090909090909, "percent_statements_covered_display": "90.91"}, "missing_lines": [320], "excluded_lines": []}, "lookup_reserve_region": {"executed_lines": [331], "summary": {"covered_lines": 1, "num_statements": 1, "percent_covered": 100.0, "percent_covered_display": "100.00", "missing_lines": 0, "excluded_lines": 0, "percent_statements_covered": 100.0, "percent_statements_covered_display": "100.00"}, "missing_lines": [], "excluded_lines": []}, "build_transmission_interface_name": {"executed_lines": [338, 339, 340, 342, 343, 345, 346, 347, 348], "summary": {"covered_lines": 9, "num_statements": 9, "percent_covered": 100.0, "percent_covered_display": "100.00", "missing_lines": 0, "excluded_lines": 0, "percent_statements_covered": 100.0, "percent_statements_covered_display": "100.00"}, "missing_lines": [], "excluded_lines": []}, "build_transmission_line_name": {"executed_lines": [355, 356, 357, 358, 360, 361, 363, 364, 365], "summary": {"covered_lines": 9, "num_statements": 9, "percent_covered": 100.0, "percent_covered_display": "100.00", "missing_lines": 0, "excluded_lines": 0, "percent_statements_covered": 100.0, "percent_statements_covered_display": "100.00"}, "missing_lines": [], "excluded_lines": []}, "lookup_transmission_interface": {"executed_lines": [372, 373, 375, 377, 378, 379, 381, 382, 383, 385, 386], "summary": {"covered_lines": 11, "num_statements": 14, "percent_covered": 78.57142857142857, "percent_covered_display": "78.57", "missing_lines": 3, "excluded_lines": 0, "percent_statements_covered": 78.57142857142857, "percent_statements_covered_display": "78.57"}, "missing_lines": [384, 387, 388], "excluded_lines": []}, "build_transmission_flow": {"executed_lines": [395, 396, 397, 398, 399, 400, 402, 403, 404], "summary": {"covered_lines": 9, "num_statements": 9, "percent_covered": 100.0, "percent_covered_display": "100.00", "missing_lines": 0, "excluded_lines": 0, "percent_statements_covered": 100.0, "percent_statements_covered_display": "100.00"}, "missing_lines": [], "excluded_lines": []}, "": {"executed_lines": [1, 3, 5, 7, 8, 10, 16, 17, 18, 19, 20, 23, 27, 28, 58, 59, 72, 73, 89, 90, 119, 120, 147, 148, 160, 161, 174, 175, 187, 188, 200, 201, 210, 211, 220, 221, 238, 239, 251, 252, 262, 263, 275, 276, 282, 283, 289, 308, 327, 328, 334, 335, 351, 352, 368, 369, 391, 392], "summary": {"covered_lines": 57, "num_statements": 57, "percent_covered": 100.0, "percent_covered_display": "100.00", "missing_lines": 0, "excluded_lines": 0, "percent_statements_covered": 100.0, "percent_statements_covered_display": "100.00"}, "missing_lines": [], "excluded_lines": []}}, "classes": {"": {"executed_lines": [1, 3, 5, 7, 8, 10, 16, 17, 18, 19, 20, 23, 24, 27, 28, 43, 45, 46, 47, 48, 50, 52, 53, 54, 55, 58, 59, 62, 63, 64, 65, 67, 68, 69, 72, 73, 76, 78, 80, 81, 82, 83, 84, 85, 86, 89, 90, 105, 107, 108, 109, 112, 113, 114, 115, 116, 119, 120, 135, 136, 137, 138, 140, 141, 142, 143, 144, 147, 148, 151, 152, 153, 154, 155, 156, 157, 160, 161, 164, 165, 166, 167, 168, 169, 170, 171, 174, 175, 178, 179, 180, 181, 182, 183, 184, 187, 188, 191, 192, 193, 194, 195, 196, 197, 200, 201, 203, 204, 205, 206, 207, 210, 211, 213, 214, 215, 216, 217, 220, 221, 223, 224, 225, 226, 228, 229, 230, 231, 233, 238, 239, 242, 243, 244, 246, 247, 248, 251, 252, 255, 256, 257, 258, 259, 262, 263, 266, 267, 268, 270, 275, 276, 279, 282, 283, 286, 289, 293, 295, 296, 297, 298, 300, 302, 303, 304, 305, 308, 312, 314, 315, 316, 317, 319, 321, 322, 323, 324, 327, 328, 331, 334, 335, 338, 339, 340, 342, 343, 345, 346, 347, 348, 351, 352, 355, 356, 357, 358, 360, 361, 363, 364, 365, 368, 369, 372, 373, 375, 377, 378, 379, 381, 382, 383, 385, 386, 391, 392, 395, 396, 397, 398, 399, 400, 402, 403, 404], "summary": {"covered_lines": 226, "num_statements": 239, "percent_covered": 94.56066945606695, "percent_covered_display": "94.56", "missing_lines": 13, "excluded_lines": 0, "percent_statements_covered": 94.56066945606695, "percent_statements_covered_display": "94.56"}, "missing_lines": [51, 110, 234, 235, 245, 269, 271, 272, 301, 320, 384, 387, 388], "excluded_lines": []}}}, "src/r2x_reeds/models/__init__.py": {"executed_lines": [1, 10, 11, 29, 30, 32], "summary": {"covered_lines": 5, "num_statements": 5, "percent_covered": 100.0, "percent_covered_display": "100.00", "missing_lines": 0, "excluded_lines": 0, "percent_statements_covered": 100.0, "percent_statements_covered_display": "100.00"}, "missing_lines": [], "excluded_lines": [], "functions": {"": {"executed_lines": [1, 10, 11, 29, 30, 32], "summary": {"covered_lines": 5, "num_statements": 5, "percent_covered": 100.0, "percent_covered_display": "100.00", "missing_lines": 0, "excluded_lines": 0, "percent_statements_covered": 100.0, "percent_statements_covered_display": "100.00"}, "missing_lines": [], "excluded_lines": []}}, "classes": {"": {"executed_lines": [1, 10, 11, 29, 30, 32], "summary": {"covered_lines": 5, "num_statements": 5, "percent_covered": 100.0, "percent_covered_display": "100.00", "missing_lines": 0, "excluded_lines": 0, "percent_statements_covered": 100.0, "percent_statements_covered_display": "100.00"}, "missing_lines": [], "excluded_lines": []}}}, "src/r2x_reeds/models/base.py": {"executed_lines": [1, 3, 5, 7, 8, 9, 12, 13, 32, 33, 38, 39, 45, 46, 49, 50, 56, 57, 60, 61, 67, 68, 70, 71, 73, 74, 75], "summary": {"covered_lines": 22, "num_statements": 22, "percent_covered": 100.0, "percent_covered_display": "100.00", "missing_lines": 0, "excluded_lines": 0, "percent_statements_covered": 100.0, "percent_statements_covered_display": "100.00"}, "missing_lines": [], "excluded_lines": [], "functions": {"MinMax.check_min_less_than_max": {"executed_lines": [73, 74, 75], "summary": {"covered_lines": 3, "num_statements": 3, "percent_covered": 100.0, "percent_covered_display": "100.00", "missing_lines": 0, "excluded_lines": 0, "percent_statements_covered": 100.0, "percent_statements_covered_display": "100.00"}, "missing_lines": [], "excluded_lines": []}, "": {"executed_lines": [1, 3, 5, 7, 8, 9, 12, 13, 32, 33, 38, 39, 45, 46, 49, 50, 56, 57, 60, 61, 67, 68, 70, 71], "summary": {"covered_lines": 19, "num_statements": 19, "percent_covered": 100.0, "percent_covered_display": "100.00", "missing_lines": 0, "excluded_lines": 0, "percent_statements_covered": 100.0, "percent_statements_covered_display": "100.00"}, "missing_lines": [], "excluded_lines": []}}, "classes": {"ReEDSComponent": {"executed_lines": [], "summary": {"covered_lines": 0, "num_statements": 0, "percent_covered": 100.0, "percent_covered_display": "100.00", "missing_lines": 0, "excluded_lines": 0, "percent_statements_covered": 100.0, "percent_statements_covered_display": "100.00"}, "missing_lines": [], "excluded_lines": []}, "FromTo_ToFrom": {"executed_lines": [], "summary": {"covered_lines": 0, "num_statements": 0, "percent_covered": 100.0, "percent_covered_display": "100.00", "missing_lines": 0, "excluded_lines": 0, "percent_statements_covered": 100.0, "percent_statements_covered_display": "100.00"}, "missing_lines": [], "excluded_lines": []}, "UpDown": {"executed_lines": [], "summary": {"covered_lines": 0, "num_statements": 0, "percent_covered": 100.0, "percent_covered_display": "100.00", "missing_lines": 0, "excluded_lines": 0, "percent_statements_covered": 100.0, "percent_statements_covered_display": "100.00"}, "missing_lines": [], "excluded_lines": []}, "MinMax": {"executed_lines": [73, 74, 75], "summary": {"covered_lines": 3, "num_statements": 3, "percent_covered": 100.0, "percent_covered_display": "100.00", "missing_lines": 0, "excluded_lines": 0, "percent_statements_covered": 100.0, "percent_statements_covered_display": "100.00"}, "missing_lines": [], "excluded_lines": []}, "": {"executed_lines": [1, 3, 5, 7, 8, 9, 12, 13, 32, 33, 38, 39, 45, 46, 49, 50, 56, 57, 60, 61, 67, 68, 70, 71], "summary": {"covered_lines": 19, "num_statements": 19, "percent_covered": 100.0, "percent_covered_display": "100.00", "missing_lines": 0, "excluded_lines": 0, "percent_statements_covered": 100.0, "percent_statements_covered_display": "100.00"}, "missing_lines": [], "excluded_lines": []}}}, "src/r2x_reeds/models/components.py": {"executed_lines": [1, 3, 5, 7, 8, 10, 12, 13, 16, 17, 19, 20, 21, 24, 25, 30, 31, 32, 33, 34, 38, 39, 40, 41, 42, 43, 44, 45, 47, 48, 50, 53, 54, 60, 61, 66, 70, 74, 78, 82, 86, 90, 94, 98, 102, 106, 110, 111, 114, 115, 120, 121, 124, 125, 127, 128, 129, 130, 131, 132, 133, 134, 137, 138, 139, 140, 141, 142, 145, 146, 148, 149, 150, 151, 152, 153, 154, 155, 156, 158, 159, 161, 173, 174, 176, 177, 178, 179, 180, 183, 188, 189, 191, 192, 193, 194, 195, 196, 199, 202, 203, 206, 207, 209, 210, 211, 214, 215, 217, 218, 219, 220, 221, 222, 223, 226, 229, 232, 235, 236, 238, 239, 240, 241, 242, 243, 248, 249, 251, 252, 253, 254, 255, 258, 261, 262, 267, 268, 269, 273, 274, 275, 276, 280, 286, 287, 292, 293, 299, 300, 306, 307, 308, 309, 310, 314, 315, 319], "summary": {"covered_lines": 141, "num_statements": 141, "percent_covered": 100.0, "percent_covered_display": "100.00", "missing_lines": 0, "excluded_lines": 0, "percent_statements_covered": 100.0, "percent_statements_covered_display": "100.00"}, "missing_lines": [], "excluded_lines": [], "functions": {"ReEDSRegion.example": {"executed_lines": [50], "summary": {"covered_lines": 1, "num_statements": 1, "percent_covered": 100.0, "percent_covered_display": "100.00", "missing_lines": 0, "excluded_lines": 0, "percent_statements_covered": 100.0, "percent_statements_covered_display": "100.00"}, "missing_lines": [], "excluded_lines": []}, "ReEDSThermalGenerator.example": {"executed_lines": [161], "summary": {"covered_lines": 1, "num_statements": 1, "percent_covered": 100.0, "percent_covered_display": "100.00", "missing_lines": 0, "excluded_lines": 0, "percent_statements_covered": 100.0, "percent_statements_covered_display": "100.00"}, "missing_lines": [], "excluded_lines": []}, "": {"executed_lines": [1, 3, 5, 7, 8, 10, 12, 13, 16, 17, 19, 20, 21, 24, 25, 30, 31, 32, 33, 34, 38, 39, 40, 41, 42, 43, 44, 45, 47, 48, 53, 54, 60, 61, 66, 70, 74, 78, 82, 86, 90, 94, 98, 102, 106, 110, 111, 114, 115, 120, 121, 124, 125, 127, 128, 129, 130, 131, 132, 133, 134, 137, 138, 139, 140, 141, 142, 145, 146, 148, 149, 150, 151, 152, 153, 154, 155, 156, 158, 159, 173, 174, 176, 177, 178, 179, 180, 183, 188, 189, 191, 192, 193, 194, 195, 196, 199, 202, 203, 206, 207, 209, 210, 211, 214, 215, 217, 218, 219, 220, 221, 222, 223, 226, 229, 232, 235, 236, 238, 239, 240, 241, 242, 243, 248, 249, 251, 252, 253, 254, 255, 258, 261, 262, 267, 268, 269, 273, 274, 275, 276, 280, 286, 287, 292, 293, 299, 300, 306, 307, 308, 309, 310, 314, 315, 319], "summary": {"covered_lines": 139, "num_statements": 139, "percent_covered": 100.0, "percent_covered_display": "100.00", "missing_lines": 0, "excluded_lines": 0, "percent_statements_covered": 100.0, "percent_statements_covered_display": "100.00"}, "missing_lines": [], "excluded_lines": []}}, "classes": {"ReEDSEmission": {"executed_lines": [], "summary": {"covered_lines": 0, "num_statements": 0, "percent_covered": 100.0, "percent_covered_display": "100.00", "missing_lines": 0, "excluded_lines": 0, "percent_statements_covered": 100.0, "percent_statements_covered_display": "100.00"}, "missing_lines": [], "excluded_lines": []}, "ReEDSRegion": {"executed_lines": [50], "summary": {"covered_lines": 1, "num_statements": 1, "percent_covered": 100.0, "percent_covered_display": "100.00", "missing_lines": 0, "excluded_lines": 0, "percent_statements_covered": 100.0, "percent_statements_covered_display": "100.00"}, "missing_lines": [], "excluded_lines": []}, "ReEDSReserveRegion": {"executed_lines": [], "summary": {"covered_lines": 0, "num_statements": 0, "percent_covered": 100.0, "percent_covered_display": "100.00", "missing_lines": 0, "excluded_lines": 0, "percent_statements_covered": 100.0, "percent_statements_covered_display": "100.00"}, "missing_lines": [], "excluded_lines": []}, "ReEDSReserve": {"executed_lines": [], "summary": {"covered_lines": 0, "num_statements": 0, "percent_covered": 100.0, "percent_covered_display": "100.00", "missing_lines": 0, "excluded_lines": 0, "percent_statements_covered": 100.0, "percent_statements_covered_display": "100.00"}, "missing_lines": [], "excluded_lines": []}, "ReEDSInterface": {"executed_lines": [], "summary": {"covered_lines": 0, "num_statements": 0, "percent_covered": 100.0, "percent_covered_display": "100.00", "missing_lines": 0, "excluded_lines": 0, "percent_statements_covered": 100.0, "percent_statements_covered_display": "100.00"}, "missing_lines": [], "excluded_lines": []}, "ReEDSGenerator": {"executed_lines": [], "summary": {"covered_lines": 0, "num_statements": 0, "percent_covered": 100.0, "percent_covered_display": "100.00", "missing_lines": 0, "excluded_lines": 0, "percent_statements_covered": 100.0, "percent_statements_covered_display": "100.00"}, "missing_lines": [], "excluded_lines": []}, "ReEDSThermalGenerator": {"executed_lines": [161], "summary": {"covered_lines": 1, "num_statements": 1, "percent_covered": 100.0, "percent_covered_display": "100.00", "missing_lines": 0, "excluded_lines": 0, "percent_statements_covered": 100.0, "percent_statements_covered_display": "100.00"}, "missing_lines": [], "excluded_lines": []}, "ReEDSVariableGenerator": {"executed_lines": [], "summary": {"covered_lines": 0, "num_statements": 0, "percent_covered": 100.0, "percent_covered_display": "100.00", "missing_lines": 0, "excluded_lines": 0, "percent_statements_covered": 100.0, "percent_statements_covered_display": "100.00"}, "missing_lines": [], "excluded_lines": []}, "ReEDSStorage": {"executed_lines": [], "summary": {"covered_lines": 0, "num_statements": 0, "percent_covered": 100.0, "percent_covered_display": "100.00", "missing_lines": 0, "excluded_lines": 0, "percent_statements_covered": 100.0, "percent_statements_covered_display": "100.00"}, "missing_lines": [], "excluded_lines": []}, "ReEDSHydroGenerator": {"executed_lines": [], "summary": {"covered_lines": 0, "num_statements": 0, "percent_covered": 100.0, "percent_covered_display": "100.00", "missing_lines": 0, "excluded_lines": 0, "percent_statements_covered": 100.0, "percent_statements_covered_display": "100.00"}, "missing_lines": [], "excluded_lines": []}, "ReEDSConsumingTechnology": {"executed_lines": [], "summary": {"covered_lines": 0, "num_statements": 0, "percent_covered": 100.0, "percent_covered_display": "100.00", "missing_lines": 0, "excluded_lines": 0, "percent_statements_covered": 100.0, "percent_statements_covered_display": "100.00"}, "missing_lines": [], "excluded_lines": []}, "ReEDSH2Storage": {"executed_lines": [], "summary": {"covered_lines": 0, "num_statements": 0, "percent_covered": 100.0, "percent_covered_display": "100.00", "missing_lines": 0, "excluded_lines": 0, "percent_statements_covered": 100.0, "percent_statements_covered_display": "100.00"}, "missing_lines": [], "excluded_lines": []}, "ReEDSH2Pipeline": {"executed_lines": [], "summary": {"covered_lines": 0, "num_statements": 0, "percent_covered": 100.0, "percent_covered_display": "100.00", "missing_lines": 0, "excluded_lines": 0, "percent_statements_covered": 100.0, "percent_statements_covered_display": "100.00"}, "missing_lines": [], "excluded_lines": []}, "ReEDSTransmissionLine": {"executed_lines": [], "summary": {"covered_lines": 0, "num_statements": 0, "percent_covered": 100.0, "percent_covered_display": "100.00", "missing_lines": 0, "excluded_lines": 0, "percent_statements_covered": 100.0, "percent_statements_covered_display": "100.00"}, "missing_lines": [], "excluded_lines": []}, "ReEDSDemand": {"executed_lines": [], "summary": {"covered_lines": 0, "num_statements": 0, "percent_covered": 100.0, "percent_covered_display": "100.00", "missing_lines": 0, "excluded_lines": 0, "percent_statements_covered": 100.0, "percent_statements_covered_display": "100.00"}, "missing_lines": [], "excluded_lines": []}, "ReEDSResourceClass": {"executed_lines": [], "summary": {"covered_lines": 0, "num_statements": 0, "percent_covered": 100.0, "percent_covered_display": "100.00", "missing_lines": 0, "excluded_lines": 0, "percent_statements_covered": 100.0, "percent_statements_covered_display": "100.00"}, "missing_lines": [], "excluded_lines": []}, "": {"executed_lines": [1, 3, 5, 7, 8, 10, 12, 13, 16, 17, 19, 20, 21, 24, 25, 30, 31, 32, 33, 34, 38, 39, 40, 41, 42, 43, 44, 45, 47, 48, 53, 54, 60, 61, 66, 70, 74, 78, 82, 86, 90, 94, 98, 102, 106, 110, 111, 114, 115, 120, 121, 124, 125, 127, 128, 129, 130, 131, 132, 133, 134, 137, 138, 139, 140, 141, 142, 145, 146, 148, 149, 150, 151, 152, 153, 154, 155, 156, 158, 159, 173, 174, 176, 177, 178, 179, 180, 183, 188, 189, 191, 192, 193, 194, 195, 196, 199, 202, 203, 206, 207, 209, 210, 211, 214, 215, 217, 218, 219, 220, 221, 222, 223, 226, 229, 232, 235, 236, 238, 239, 240, 241, 242, 243, 248, 249, 251, 252, 253, 254, 255, 258, 261, 262, 267, 268, 269, 273, 274, 275, 276, 280, 286, 287, 292, 293, 299, 300, 306, 307, 308, 309, 310, 314, 315, 319], "summary": {"covered_lines": 139, "num_statements": 139, "percent_covered": 100.0, "percent_covered_display": "100.00", "missing_lines": 0, "excluded_lines": 0, "percent_statements_covered": 100.0, "percent_statements_covered_display": "100.00"}, "missing_lines": [], "excluded_lines": []}}}, "src/r2x_reeds/models/enums.py": {"executed_lines": [1, 3, 6, 7, 9, 10, 11, 12, 13, 14, 15, 16, 17, 18, 19, 22, 23, 25, 26, 29, 30, 32, 33, 34, 35, 36, 37, 40, 41, 43, 44, 47, 48, 50, 51, 52, 53, 54, 55, 56], "summary": {"covered_lines": 34, "num_statements": 34, "percent_covered": 100.0, "percent_covered_display": "100.00", "missing_lines": 0, "excluded_lines": 0, "percent_statements_covered": 100.0, "percent_statements_covered_display": "100.00"}, "missing_lines": [], "excluded_lines": [], "functions": {"": {"executed_lines": [1, 3, 6, 7, 9, 10, 11, 12, 13, 14, 15, 16, 17, 18, 19, 22, 23, 25, 26, 29, 30, 32, 33, 34, 35, 36, 37, 40, 41, 43, 44, 47, 48, 50, 51, 52, 53, 54, 55, 56], "summary": {"covered_lines": 34, "num_statements": 34, "percent_covered": 100.0, "percent_covered_display": "100.00", "missing_lines": 0, "excluded_lines": 0, "percent_statements_covered": 100.0, "percent_statements_covered_display": "100.00"}, "missing_lines": [], "excluded_lines": []}}, "classes": {"EmissionType": {"executed_lines": [], "summary": {"covered_lines": 0, "num_statements": 0, "percent_covered": 100.0, "percent_covered_display": "100.00", "missing_lines": 0, "excluded_lines": 0, "percent_statements_covered": 100.0, "percent_statements_covered_display": "100.00"}, "missing_lines": [], "excluded_lines": []}, "EmissionSource": {"executed_lines": [], "summary": {"covered_lines": 0, "num_statements": 0, "percent_covered": 100.0, "percent_covered_display": "100.00", "missing_lines": 0, "excluded_lines": 0, "percent_statements_covered": 100.0, "percent_statements_covered_display": "100.00"}, "missing_lines": [], "excluded_lines": []}, "ReserveType": {"executed_lines": [], "summary": {"covered_lines": 0, "num_statements": 0, "percent_covered": 100.0, "percent_covered_display": "100.00", "missing_lines": 0, "excluded_lines": 0, "percent_statements_covered": 100.0, "percent_statements_covered_display": "100.00"}, "missing_lines": [], "excluded_lines": []}, "ReserveDirection": {"executed_lines": [], "summary": {"covered_lines": 0, "num_statements": 0, "percent_covered": 100.0, "percent_covered_display": "100.00", "missing_lines": 0, "excluded_lines": 0, "percent_statements_covered": 100.0, "percent_statements_covered_display": "100.00"}, "missing_lines": [], "excluded_lines": []}, "FuelType": {"executed_lines": [], "summary": {"covered_lines": 0, "num_statements": 0, "percent_covered": 100.0, "percent_covered_display": "100.00", "missing_lines": 0, "excluded_lines": 0, "percent_statements_covered": 100.0, "percent_statements_covered_display": "100.00"}, "missing_lines": [], "excluded_lines": []}, "": {"executed_lines": [1, 3, 6, 7, 9, 10, 11, 12, 13, 14, 15, 16, 17, 18, 19, 22, 23, 25, 26, 29, 30, 32, 33, 34, 35, 36, 37, 40, 41, 43, 44, 47, 48, 50, 51, 52, 53, 54, 55, 56], "summary": {"covered_lines": 34, "num_statements": 34, "percent_covered": 100.0, "percent_covered_display": "100.00", "missing_lines": 0, "excluded_lines": 0, "percent_statements_covered": 100.0, "percent_statements_covered_display": "100.00"}, "missing_lines": [], "excluded_lines": []}}}, "src/r2x_reeds/models/units.py": {"executed_lines": [1, 6, 8, 11, 12], "summary": {"covered_lines": 4, "num_statements": 4, "percent_covered": 100.0, "percent_covered_display": "100.00", "missing_lines": 0, "excluded_lines": 0, "percent_statements_covered": 100.0, "percent_statements_covered_display": "100.00"}, "missing_lines": [], "excluded_lines": [], "functions": {"": {"executed_lines": [1, 6, 8, 11, 12], "summary": {"covered_lines": 4, "num_statements": 4, "percent_covered": 100.0, "percent_covered_display": "100.00", "missing_lines": 0, "excluded_lines": 0, "percent_statements_covered": 100.0, "percent_statements_covered_display": "100.00"}, "missing_lines": [], "excluded_lines": []}}, "classes": {"": {"executed_lines": [1, 6, 8, 11, 12], "summary": {"covered_lines": 4, "num_statements": 4, "percent_covered": 100.0, "percent_covered_display": "100.00", "missing_lines": 0, "excluded_lines": 0, "percent_statements_covered": 100.0, "percent_statements_covered_display": "100.00"}, "missing_lines": [], "excluded_lines": []}}}, "src/r2x_reeds/parser.py": {"executed_lines": [1, 8, 10, 11, 12, 13, 15, 16, 17, 18, 19, 21, 32, 33, 42, 52, 53, 54, 66, 67, 69, 73, 74, 162, 167, 168, 169, 170, 171, 174, 175, 176, 177, 178, 179, 180, 181, 182, 185, 186, 187, 188, 189, 190, 191, 192, 195, 196, 197, 199, 201, 202, 204, 217, 221, 223, 225, 230, 232, 233, 235, 237, 251, 252, 260, 261, 264, 265, 268, 269, 274, 281, 282, 284, 289, 297, 298, 300, 301, 302, 303, 304, 305, 306, 307, 308, 310, 311, 312, 313, 316, 318, 333, 334, 335, 337, 338, 341, 342, 346, 347, 348, 350, 351, 353, 355, 356, 358, 360, 361, 363, 365, 367, 385, 386, 387, 389, 392, 393, 396, 397, 400, 401, 404, 405, 408, 409, 412, 413, 417, 418, 421, 422, 425, 426, 429, 430, 433, 434, 438, 440, 441, 443, 445, 447, 448, 450, 453, 455, 456, 458, 460, 466, 469, 470, 471, 472, 473, 479, 480, 481, 482, 484, 488, 489, 491, 493, 495, 497, 503, 506, 507, 508, 510, 513, 515, 517, 518, 522, 528, 530, 537, 538, 539, 543, 554, 555, 557, 558, 559, 561, 562, 563, 565, 566, 570, 571, 574, 575, 576, 577, 579, 583, 584, 586, 592, 593, 596, 601, 604, 606, 607, 610, 612, 614, 616, 617, 622, 623, 625, 630, 633, 634, 635, 636, 638, 639, 641, 642, 644, 646, 650, 652, 656, 659, 662, 664, 666, 694, 696, 702, 703, 705, 706, 707, 708, 709, 710, 711, 712, 713, 715, 716, 717, 719, 721, 725, 728, 731, 733, 735, 741, 744, 745, 746, 747, 748, 754, 755, 757, 759, 761, 763, 764, 766, 767, 771, 773, 774, 775, 776, 778, 779, 782, 785, 787, 789, 795, 796, 798, 799, 800, 801, 802, 808, 809, 811, 815, 816, 818, 820, 821, 822, 824, 825, 830, 831, 837, 838, 839, 840, 841, 842, 844, 849, 850, 853, 859, 860, 861, 863, 864, 870, 871, 872, 874, 878, 879, 880, 881, 884, 885, 886, 903, 907, 909, 910, 913, 916, 918, 920, 926, 927, 929, 930, 931, 932, 938, 939, 941, 945, 950, 952, 954, 956, 957, 962, 963, 964, 969, 972, 975, 977, 979, 980, 981, 982, 983, 985, 990, 994, 995, 996, 997, 998, 1000, 1001, 1002, 1003, 1004, 1005, 1006, 1007, 1008, 1010, 1015, 1017, 1022, 1028, 1031, 1032, 1033, 1034, 1035, 1039, 1040, 1046, 1047, 1049, 1053, 1054, 1056, 1058, 1060, 1061, 1066, 1067, 1068, 1069, 1070, 1071, 1077, 1078, 1080, 1081, 1083, 1094, 1096, 1097, 1103, 1104, 1122, 1124, 1125, 1126, 1127, 1129, 1135, 1136, 1138, 1139, 1146, 1147, 1148, 1150, 1151, 1153, 1164, 1165, 1166, 1167, 1168, 1169, 1170, 1171, 1174, 1176, 1177, 1178, 1180, 1191, 1202, 1211, 1219, 1228, 1231, 1232, 1236, 1237, 1243, 1244, 1246, 1247, 1249, 1251, 1252, 1253, 1254, 1258, 1259, 1260, 1266, 1267, 1268, 1271, 1272, 1274, 1275, 1276, 1278, 1282, 1284, 1285, 1286, 1287, 1288, 1290, 1291, 1293, 1299, 1300, 1302, 1307, 1309, 1314, 1318, 1320, 1329, 1331, 1337, 1338, 1343, 1346, 1347, 1348, 1356, 1357, 1365, 1366, 1373, 1374, 1375, 1376, 1377, 1379, 1390, 1391, 1393, 1394, 1401, 1402, 1403, 1404, 1406, 1408, 1409, 1410, 1412, 1413, 1417, 1418, 1419, 1420, 1422, 1424, 1425, 1426, 1427, 1428, 1429, 1430, 1431, 1432, 1434, 1436, 1437, 1440, 1446, 1451, 1452, 1455, 1456, 1458, 1459, 1461, 1463, 1464, 1465, 1466, 1468, 1470, 1471, 1472, 1473, 1474, 1476, 1477, 1478, 1480, 1481, 1482, 1484, 1502, 1504, 1505, 1510, 1512, 1514, 1515, 1520, 1529, 1532, 1533, 1535, 1537, 1538, 1539, 1540, 1541, 1542, 1543, 1544, 1545, 1552, 1553, 1554, 1555, 1556, 1557, 1562, 1563, 1565, 1566, 1567, 1568, 1569, 1570, 1571, 1576, 1577, 1578, 1579, 1580, 1581, 1582, 1584, 1587, 1588, 1591, 1592, 1593, 1597, 1598, 1601, 1602, 1603, 1605, 1608, 1613, 1618, 1619, 1620, 1632, 1639], "summary": {"covered_lines": 631, "num_statements": 793, "percent_covered": 79.57124842370744, "percent_covered_display": "79.57", "missing_lines": 162, "excluded_lines": 2, "percent_statements_covered": 79.57124842370744, "percent_statements_covered_display": "79.57"}, "missing_lines": [231, 234, 262, 266, 314, 339, 343, 352, 357, 362, 388, 394, 398, 402, 406, 410, 414, 419, 423, 427, 431, 435, 454, 457, 467, 474, 475, 476, 477, 485, 486, 496, 514, 519, 520, 540, 541, 567, 568, 572, 573, 580, 581, 594, 602, 608, 609, 618, 619, 620, 626, 627, 628, 631, 640, 647, 648, 657, 663, 726, 732, 742, 749, 750, 751, 752, 768, 769, 770, 780, 786, 803, 804, 805, 806, 812, 813, 826, 827, 828, 832, 833, 834, 845, 846, 847, 852, 862, 865, 866, 867, 868, 875, 876, 882, 883, 904, 905, 906, 911, 917, 933, 934, 935, 936, 942, 943, 958, 959, 960, 965, 966, 967, 970, 976, 1011, 1012, 1013, 1018, 1019, 1020, 1029, 1036, 1037, 1041, 1042, 1043, 1044, 1050, 1051, 1172, 1229, 1233, 1234, 1255, 1256, 1269, 1310, 1311, 1312, 1315, 1316, 1317, 1349, 1355, 1358, 1364, 1414, 1415, 1438, 1453, 1457, 1479, 1503, 1516, 1517, 1518, 1546, 1589, 1594, 1595, 1599], "excluded_lines": [69, 70], "functions": {"ReEDSParser.__init__": {"executed_lines": [167, 168, 169, 170, 171, 174, 175, 176, 177, 178, 179, 180, 181, 182, 185, 186, 187, 188, 189, 190, 191, 192, 195, 196, 197], "summary": {"covered_lines": 25, "num_statements": 25, "percent_covered": 100.0, "percent_covered_display": "100.00", "missing_lines": 0, "excluded_lines": 0, "percent_statements_covered": 100.0, "percent_statements_covered_display": "100.00"}, "missing_lines": [], "excluded_lines": []}, "ReEDSParser._truncate_and_cast_time_series": {"executed_lines": [201, 202], "summary": {"covered_lines": 2, "num_statements": 2, "percent_covered": 100.0, "percent_covered_display": "100.00", "missing_lines": 0, "excluded_lines": 0, "percent_statements_covered": 100.0, "percent_statements_covered_display": "100.00"}, "missing_lines": [], "excluded_lines": []}, "ReEDSParser.read_data_file": {"executed_lines": [217, 221], "summary": {"covered_lines": 2, "num_statements": 2, "percent_covered": 100.0, "percent_covered_display": "100.00", "missing_lines": 0, "excluded_lines": 0, "percent_statements_covered": 100.0, "percent_statements_covered_display": "100.00"}, "missing_lines": [], "excluded_lines": []}, "ReEDSParser.create_component": {"executed_lines": [225, 230, 232, 233, 235], "summary": {"covered_lines": 5, "num_statements": 7, "percent_covered": 71.42857142857143, "percent_covered_display": "71.43", "missing_lines": 2, "excluded_lines": 0, "percent_statements_covered": 71.42857142857143, "percent_statements_covered_display": "71.43"}, "missing_lines": [231, 234], "excluded_lines": []}, "ReEDSParser.on_validate": {"executed_lines": [251, 252, 260, 261, 264, 265, 268, 269, 274, 281, 282, 284, 289, 297, 298, 300, 301, 302, 303, 304, 305, 306, 307, 308, 310, 311, 312, 313, 316], "summary": {"covered_lines": 29, "num_statements": 32, "percent_covered": 90.625, "percent_covered_display": "90.62", "missing_lines": 3, "excluded_lines": 0, "percent_statements_covered": 90.625, "percent_statements_covered_display": "90.62"}, "missing_lines": [262, 266, 314], "excluded_lines": []}, "ReEDSParser.on_prepare": {"executed_lines": [333, 334, 335, 337, 338, 341, 342, 346, 347, 348, 350, 351, 353, 355, 356, 358, 360, 361, 363, 365], "summary": {"covered_lines": 20, "num_statements": 25, "percent_covered": 80.0, "percent_covered_display": "80.00", "missing_lines": 5, "excluded_lines": 0, "percent_statements_covered": 80.0, "percent_statements_covered_display": "80.00"}, "missing_lines": [339, 343, 352, 357, 362], "excluded_lines": []}, "ReEDSParser.on_build": {"executed_lines": [385, 386, 387, 389, 392, 393, 396, 397, 400, 401, 404, 405, 408, 409, 412, 413, 417, 418, 421, 422, 425, 426, 429, 430, 433, 434, 438, 440, 441], "summary": {"covered_lines": 29, "num_statements": 41, "percent_covered": 70.73170731707317, "percent_covered_display": "70.73", "missing_lines": 12, "excluded_lines": 0, "percent_statements_covered": 70.73170731707317, "percent_statements_covered_display": "70.73"}, "missing_lines": [388, 394, 398, 402, 406, 410, 414, 419, 423, 427, 431, 435], "excluded_lines": []}, "ReEDSParser._build_regions": {"executed_lines": [445, 447, 448, 450, 453, 455, 456, 458, 460, 466, 469, 470, 471, 472, 473, 479, 480, 481, 482, 484, 488, 489], "summary": {"covered_lines": 22, "num_statements": 31, "percent_covered": 70.96774193548387, "percent_covered_display": "70.97", "missing_lines": 9, "excluded_lines": 0, "percent_statements_covered": 70.96774193548387, "percent_statements_covered_display": "70.97"}, "missing_lines": [454, 457, 467, 474, 475, 476, 477, 485, 486], "excluded_lines": []}, "ReEDSParser._build_generators": {"executed_lines": [493, 495, 497, 503, 506, 507, 508, 510, 513, 515, 517, 518, 522, 528], "summary": {"covered_lines": 14, "num_statements": 18, "percent_covered": 77.77777777777777, "percent_covered_display": "77.78", "missing_lines": 4, "excluded_lines": 0, "percent_statements_covered": 77.77777777777777, "percent_statements_covered_display": "77.78"}, "missing_lines": [496, 514, 519, 520], "excluded_lines": []}, "ReEDSParser._build_generator_group": {"executed_lines": [537, 538, 539, 543, 554, 555, 557, 558, 559, 561, 562, 563, 565, 566, 570, 571, 574, 575, 576, 577, 579, 583, 584], "summary": {"covered_lines": 23, "num_statements": 31, "percent_covered": 74.19354838709677, "percent_covered_display": "74.19", "missing_lines": 8, "excluded_lines": 0, "percent_statements_covered": 74.19354838709677, "percent_statements_covered_display": "74.19"}, "missing_lines": [540, 541, 567, 568, 572, 573, 580, 581], "excluded_lines": []}, "ReEDSParser._instantiate_generator": {"executed_lines": [592, 593, 596, 601, 604, 606, 607, 610], "summary": {"covered_lines": 8, "num_statements": 12, "percent_covered": 66.66666666666667, "percent_covered_display": "66.67", "missing_lines": 4, "excluded_lines": 0, "percent_statements_covered": 66.66666666666667, "percent_statements_covered_display": "66.67"}, "missing_lines": [594, 602, 608, 609], "excluded_lines": []}, "ReEDSParser._build_transmission": {"executed_lines": [614, 616, 617, 622, 623, 625, 630, 633, 634, 635, 636, 638, 639, 641, 642, 644, 646, 650], "summary": {"covered_lines": 18, "num_statements": 28, "percent_covered": 64.28571428571429, "percent_covered_display": "64.29", "missing_lines": 10, "excluded_lines": 0, "percent_statements_covered": 64.28571428571429, "percent_statements_covered_display": "64.29"}, "missing_lines": [618, 619, 620, 626, 627, 628, 631, 640, 647, 648], "excluded_lines": []}, "ReEDSParser._build_transmission_interfaces": {"executed_lines": [656, 659, 662, 664, 666, 694, 696, 702, 703, 705, 706, 707, 708, 709, 710, 711, 712, 713, 715, 716, 717, 719], "summary": {"covered_lines": 22, "num_statements": 24, "percent_covered": 91.66666666666667, "percent_covered_display": "91.67", "missing_lines": 2, "excluded_lines": 0, "percent_statements_covered": 91.66666666666667, "percent_statements_covered_display": "91.67"}, "missing_lines": [657, 663], "excluded_lines": []}, "ReEDSParser._build_transmission_lines": {"executed_lines": [725, 728, 731, 733, 735, 741, 744, 745, 746, 747, 748, 754, 755, 757], "summary": {"covered_lines": 14, "num_statements": 21, "percent_covered": 66.66666666666667, "percent_covered_display": "66.67", "missing_lines": 7, "excluded_lines": 0, "percent_statements_covered": 66.66666666666667, "percent_statements_covered_display": "66.67"}, "missing_lines": [726, 732, 742, 749, 750, 751, 752], "excluded_lines": []}, "ReEDSParser._build_loads": {"executed_lines": [761, 763, 764, 766, 767, 771, 773, 774, 775, 776, 778, 779, 782, 785, 787, 789, 795, 796, 798, 799, 800, 801, 802, 808, 809, 811, 815, 816], "summary": {"covered_lines": 28, "num_statements": 39, "percent_covered": 71.7948717948718, "percent_covered_display": "71.79", "missing_lines": 11, "excluded_lines": 0, "percent_statements_covered": 71.7948717948718, "percent_statements_covered_display": "71.79"}, "missing_lines": [768, 769, 770, 780, 786, 803, 804, 805, 806, 812, 813], "excluded_lines": []}, "ReEDSParser._build_reserves": {"executed_lines": [820, 821, 822, 824, 825, 830, 831, 837, 838, 839, 840, 841, 842, 844, 849, 850, 853, 859, 860, 861, 863, 864, 870, 871, 872, 874, 878, 879, 880, 881, 884, 885, 886, 903, 907, 909, 910, 913, 916, 918, 920, 926, 927, 929, 930, 931, 932, 938, 939, 941, 945, 950], "summary": {"covered_lines": 52, "num_statements": 82, "percent_covered": 63.41463414634146, "percent_covered_display": "63.41", "missing_lines": 30, "excluded_lines": 0, "percent_statements_covered": 63.41463414634146, "percent_statements_covered_display": "63.41"}, "missing_lines": [826, 827, 828, 832, 833, 834, 845, 846, 847, 852, 862, 865, 866, 867, 868, 875, 876, 882, 883, 904, 905, 906, 911, 917, 933, 934, 935, 936, 942, 943], "excluded_lines": []}, "ReEDSParser._build_emissions": {"executed_lines": [954, 956, 957, 962, 963, 964, 969, 972, 975, 977, 979, 980, 981, 982, 983, 985, 990, 994, 995, 996, 997, 998, 1000, 1001, 1002, 1003, 1004, 1005, 1006, 1007, 1008, 1010, 1015, 1017, 1022, 1028, 1031, 1032, 1033, 1034, 1035, 1039, 1040, 1046, 1047, 1049, 1053, 1054], "summary": {"covered_lines": 48, "num_statements": 71, "percent_covered": 67.6056338028169, "percent_covered_display": "67.61", "missing_lines": 23, "excluded_lines": 0, "percent_statements_covered": 67.6056338028169, "percent_statements_covered_display": "67.61"}, "missing_lines": [958, 959, 960, 965, 966, 967, 970, 976, 1011, 1012, 1013, 1018, 1019, 1020, 1029, 1036, 1037, 1041, 1042, 1043, 1044, 1050, 1051], "excluded_lines": []}, "ReEDSParser._attach_load_profiles": {"executed_lines": [1058, 1060, 1061, 1066, 1067, 1068, 1069, 1070, 1071, 1077, 1078, 1080, 1081], "summary": {"covered_lines": 13, "num_statements": 13, "percent_covered": 100.0, "percent_covered_display": "100.00", "missing_lines": 0, "excluded_lines": 0, "percent_statements_covered": 100.0, "percent_statements_covered_display": "100.00"}, "missing_lines": [], "excluded_lines": []}, "ReEDSParser._attach_renewable_profiles": {"executed_lines": [1094, 1096, 1097, 1103, 1104, 1122, 1124, 1125, 1126, 1127, 1129, 1135, 1136, 1138, 1139, 1146, 1147, 1148, 1150, 1151], "summary": {"covered_lines": 20, "num_statements": 20, "percent_covered": 100.0, "percent_covered_display": "100.00", "missing_lines": 0, "excluded_lines": 0, "percent_statements_covered": 100.0, "percent_statements_covered_display": "100.00"}, "missing_lines": [], "excluded_lines": []}, "ReEDSParser._attach_reserve_profiles": {"executed_lines": [1164, 1165, 1166, 1167, 1168, 1169, 1170, 1171, 1174, 1176, 1177, 1178, 1180, 1191, 1202, 1211, 1219, 1228, 1231, 1232, 1236, 1237, 1243, 1244, 1246, 1247], "summary": {"covered_lines": 26, "num_statements": 30, "percent_covered": 86.66666666666667, "percent_covered_display": "86.67", "missing_lines": 4, "excluded_lines": 0, "percent_statements_covered": 86.66666666666667, "percent_statements_covered_display": "86.67"}, "missing_lines": [1172, 1229, 1233, 1234], "excluded_lines": []}, "ReEDSParser._attach_reserve_membership": {"executed_lines": [1251, 1252, 1253, 1254, 1258, 1259, 1260, 1266, 1267, 1268, 1271, 1272, 1274, 1275, 1276, 1278, 1282, 1284, 1285, 1286, 1287, 1288, 1290, 1291], "summary": {"covered_lines": 24, "num_statements": 27, "percent_covered": 88.88888888888889, "percent_covered_display": "88.89", "missing_lines": 3, "excluded_lines": 0, "percent_statements_covered": 88.88888888888889, "percent_statements_covered_display": "88.89"}, "missing_lines": [1255, 1256, 1269], "excluded_lines": []}, "ReEDSParser._attach_hydro_budgets": {"executed_lines": [1299, 1300, 1302, 1307, 1309, 1314, 1318, 1320, 1329, 1331, 1337, 1338, 1343, 1346, 1347, 1348, 1356, 1357, 1365, 1366, 1373, 1374, 1375, 1376, 1377], "summary": {"covered_lines": 25, "num_statements": 35, "percent_covered": 71.42857142857143, "percent_covered_display": "71.43", "missing_lines": 10, "excluded_lines": 0, "percent_statements_covered": 71.42857142857143, "percent_statements_covered_display": "71.43"}, "missing_lines": [1310, 1311, 1312, 1315, 1316, 1317, 1349, 1355, 1358, 1364], "excluded_lines": []}, "ReEDSParser._postprocess_system": {"executed_lines": [1390, 1391, 1393, 1394, 1401, 1402, 1403, 1404], "summary": {"covered_lines": 8, "num_statements": 8, "percent_covered": 100.0, "percent_covered_display": "100.00", "missing_lines": 0, "excluded_lines": 0, "percent_statements_covered": 100.0, "percent_statements_covered_display": "100.00"}, "missing_lines": [], "excluded_lines": []}, "ReEDSParser._ensure_config_assets": {"executed_lines": [1408, 1409, 1410, 1412, 1413, 1417, 1418, 1419, 1420], "summary": {"covered_lines": 9, "num_statements": 11, "percent_covered": 81.81818181818181, "percent_covered_display": "81.82", "missing_lines": 2, "excluded_lines": 0, "percent_statements_covered": 81.81818181818181, "percent_statements_covered_display": "81.82"}, "missing_lines": [1414, 1415], "excluded_lines": []}, "ReEDSParser._initialize_caches": {"executed_lines": [1424, 1425, 1426, 1427, 1428, 1429, 1430, 1431, 1432], "summary": {"covered_lines": 9, "num_statements": 9, "percent_covered": 100.0, "percent_covered_display": "100.00", "missing_lines": 0, "excluded_lines": 0, "percent_statements_covered": 100.0, "percent_statements_covered_display": "100.00"}, "missing_lines": [], "excluded_lines": []}, "ReEDSParser._initialize_parser_globals": {"executed_lines": [1436, 1437, 1440, 1446, 1451, 1452, 1455, 1456, 1458, 1459], "summary": {"covered_lines": 10, "num_statements": 13, "percent_covered": 76.92307692307692, "percent_covered_display": "76.92", "missing_lines": 3, "excluded_lines": 0, "percent_statements_covered": 76.92307692307692, "percent_statements_covered_display": "76.92"}, "missing_lines": [1438, 1453, 1457], "excluded_lines": []}, "ReEDSParser._prepare_default_metadata": {"executed_lines": [1463, 1464, 1465, 1466], "summary": {"covered_lines": 4, "num_statements": 4, "percent_covered": 100.0, "percent_covered_display": "100.00", "missing_lines": 0, "excluded_lines": 0, "percent_statements_covered": 100.0, "percent_statements_covered_display": "100.00"}, "missing_lines": [], "excluded_lines": []}, "ReEDSParser._prepare_generator_datasets": {"executed_lines": [1470, 1471, 1472, 1473, 1474, 1476, 1477, 1478, 1480, 1481, 1482, 1484, 1502, 1504, 1505, 1510], "summary": {"covered_lines": 16, "num_statements": 18, "percent_covered": 88.88888888888889, "percent_covered_display": "88.89", "missing_lines": 2, "excluded_lines": 0, "percent_statements_covered": 88.88888888888889, "percent_statements_covered_display": "88.89"}, "missing_lines": [1479, 1503], "excluded_lines": []}, "ReEDSParser._prepare_hydro_datasets": {"executed_lines": [1514, 1515, 1520, 1529, 1532, 1533], "summary": {"covered_lines": 6, "num_statements": 9, "percent_covered": 66.66666666666667, "percent_covered_display": "66.67", "missing_lines": 3, "excluded_lines": 0, "percent_statements_covered": 66.66666666666667, "percent_statements_covered_display": "66.67"}, "missing_lines": [1516, 1517, 1518], "excluded_lines": []}, "ReEDSParser._prepare_reserve_datasets": {"executed_lines": [1537, 1538, 1539, 1540, 1541, 1542, 1543, 1544, 1545, 1552, 1553, 1554, 1555, 1556, 1557, 1562, 1563, 1565, 1566, 1567, 1568, 1569, 1570, 1571, 1576, 1577, 1578, 1579, 1580, 1581, 1582], "summary": {"covered_lines": 31, "num_statements": 32, "percent_covered": 96.875, "percent_covered_display": "96.88", "missing_lines": 1, "excluded_lines": 0, "percent_statements_covered": 96.875, "percent_statements_covered_display": "96.88"}, "missing_lines": [1546], "excluded_lines": []}, "ReEDSParser._prepare_rules_by_target": {"executed_lines": [1587, 1588, 1591, 1592, 1593, 1597, 1598, 1601, 1602, 1603], "summary": {"covered_lines": 10, "num_statements": 14, "percent_covered": 71.42857142857143, "percent_covered_display": "71.43", "missing_lines": 4, "excluded_lines": 0, "percent_statements_covered": 71.42857142857143, "percent_statements_covered_display": "71.43"}, "missing_lines": [1589, 1594, 1595, 1599], "excluded_lines": []}, "ReEDSParser._prepare_time_arrays": {"executed_lines": [1608, 1613, 1618, 1619, 1620, 1632, 1639], "summary": {"covered_lines": 7, "num_statements": 7, "percent_covered": 100.0, "percent_covered_display": "100.00", "missing_lines": 0, "excluded_lines": 0, "percent_statements_covered": 100.0, "percent_statements_covered_display": "100.00"}, "missing_lines": [], "excluded_lines": []}, "": {"executed_lines": [1, 8, 10, 11, 12, 13, 15, 16, 17, 18, 19, 21, 32, 33, 42, 52, 53, 54, 66, 67, 69, 73, 74, 162, 199, 204, 223, 237, 318, 367, 443, 491, 530, 586, 612, 652, 721, 759, 818, 952, 1056, 1083, 1153, 1249, 1293, 1379, 1406, 1422, 1434, 1461, 1468, 1512, 1535, 1584, 1605], "summary": {"covered_lines": 52, "num_statements": 52, "percent_covered": 100.0, "percent_covered_display": "100.00", "missing_lines": 0, "excluded_lines": 2, "percent_statements_covered": 100.0, "percent_statements_covered_display": "100.00"}, "missing_lines": [], "excluded_lines": [69, 70]}}, "classes": {"ReEDSParser": {"executed_lines": [167, 168, 169, 170, 171, 174, 175, 176, 177, 178, 179, 180, 181, 182, 185, 186, 187, 188, 189, 190, 191, 192, 195, 196, 197, 201, 202, 217, 221, 225, 230, 232, 233, 235, 251, 252, 260, 261, 264, 265, 268, 269, 274, 281, 282, 284, 289, 297, 298, 300, 301, 302, 303, 304, 305, 306, 307, 308, 310, 311, 312, 313, 316, 333, 334, 335, 337, 338, 341, 342, 346, 347, 348, 350, 351, 353, 355, 356, 358, 360, 361, 363, 365, 385, 386, 387, 389, 392, 393, 396, 397, 400, 401, 404, 405, 408, 409, 412, 413, 417, 418, 421, 422, 425, 426, 429, 430, 433, 434, 438, 440, 441, 445, 447, 448, 450, 453, 455, 456, 458, 460, 466, 469, 470, 471, 472, 473, 479, 480, 481, 482, 484, 488, 489, 493, 495, 497, 503, 506, 507, 508, 510, 513, 515, 517, 518, 522, 528, 537, 538, 539, 543, 554, 555, 557, 558, 559, 561, 562, 563, 565, 566, 570, 571, 574, 575, 576, 577, 579, 583, 584, 592, 593, 596, 601, 604, 606, 607, 610, 614, 616, 617, 622, 623, 625, 630, 633, 634, 635, 636, 638, 639, 641, 642, 644, 646, 650, 656, 659, 662, 664, 666, 694, 696, 702, 703, 705, 706, 707, 708, 709, 710, 711, 712, 713, 715, 716, 717, 719, 725, 728, 731, 733, 735, 741, 744, 745, 746, 747, 748, 754, 755, 757, 761, 763, 764, 766, 767, 771, 773, 774, 775, 776, 778, 779, 782, 785, 787, 789, 795, 796, 798, 799, 800, 801, 802, 808, 809, 811, 815, 816, 820, 821, 822, 824, 825, 830, 831, 837, 838, 839, 840, 841, 842, 844, 849, 850, 853, 859, 860, 861, 863, 864, 870, 871, 872, 874, 878, 879, 880, 881, 884, 885, 886, 903, 907, 909, 910, 913, 916, 918, 920, 926, 927, 929, 930, 931, 932, 938, 939, 941, 945, 950, 954, 956, 957, 962, 963, 964, 969, 972, 975, 977, 979, 980, 981, 982, 983, 985, 990, 994, 995, 996, 997, 998, 1000, 1001, 1002, 1003, 1004, 1005, 1006, 1007, 1008, 1010, 1015, 1017, 1022, 1028, 1031, 1032, 1033, 1034, 1035, 1039, 1040, 1046, 1047, 1049, 1053, 1054, 1058, 1060, 1061, 1066, 1067, 1068, 1069, 1070, 1071, 1077, 1078, 1080, 1081, 1094, 1096, 1097, 1103, 1104, 1122, 1124, 1125, 1126, 1127, 1129, 1135, 1136, 1138, 1139, 1146, 1147, 1148, 1150, 1151, 1164, 1165, 1166, 1167, 1168, 1169, 1170, 1171, 1174, 1176, 1177, 1178, 1180, 1191, 1202, 1211, 1219, 1228, 1231, 1232, 1236, 1237, 1243, 1244, 1246, 1247, 1251, 1252, 1253, 1254, 1258, 1259, 1260, 1266, 1267, 1268, 1271, 1272, 1274, 1275, 1276, 1278, 1282, 1284, 1285, 1286, 1287, 1288, 1290, 1291, 1299, 1300, 1302, 1307, 1309, 1314, 1318, 1320, 1329, 1331, 1337, 1338, 1343, 1346, 1347, 1348, 1356, 1357, 1365, 1366, 1373, 1374, 1375, 1376, 1377, 1390, 1391, 1393, 1394, 1401, 1402, 1403, 1404, 1408, 1409, 1410, 1412, 1413, 1417, 1418, 1419, 1420, 1424, 1425, 1426, 1427, 1428, 1429, 1430, 1431, 1432, 1436, 1437, 1440, 1446, 1451, 1452, 1455, 1456, 1458, 1459, 1463, 1464, 1465, 1466, 1470, 1471, 1472, 1473, 1474, 1476, 1477, 1478, 1480, 1481, 1482, 1484, 1502, 1504, 1505, 1510, 1514, 1515, 1520, 1529, 1532, 1533, 1537, 1538, 1539, 1540, 1541, 1542, 1543, 1544, 1545, 1552, 1553, 1554, 1555, 1556, 1557, 1562, 1563, 1565, 1566, 1567, 1568, 1569, 1570, 1571, 1576, 1577, 1578, 1579, 1580, 1581, 1582, 1587, 1588, 1591, 1592, 1593, 1597, 1598, 1601, 1602, 1603, 1608, 1613, 1618, 1619, 1620, 1632, 1639], "summary": {"covered_lines": 579, "num_statements": 741, "percent_covered": 78.13765182186235, "percent_covered_display": "78.14", "missing_lines": 162, "excluded_lines": 0, "percent_statements_covered": 78.13765182186235, "percent_statements_covered_display": "78.14"}, "missing_lines": [231, 234, 262, 266, 314, 339, 343, 352, 357, 362, 388, 394, 398, 402, 406, 410, 414, 419, 423, 427, 431, 435, 454, 457, 467, 474, 475, 476, 477, 485, 486, 496, 514, 519, 520, 540, 541, 567, 568, 572, 573, 580, 581, 594, 602, 608, 609, 618, 619, 620, 626, 627, 628, 631, 640, 647, 648, 657, 663, 726, 732, 742, 749, 750, 751, 752, 768, 769, 770, 780, 786, 803, 804, 805, 806, 812, 813, 826, 827, 828, 832, 833, 834, 845, 846, 847, 852, 862, 865, 866, 867, 868, 875, 876, 882, 883, 904, 905, 906, 911, 917, 933, 934, 935, 936, 942, 943, 958, 959, 960, 965, 966, 967, 970, 976, 1011, 1012, 1013, 1018, 1019, 1020, 1029, 1036, 1037, 1041, 1042, 1043, 1044, 1050, 1051, 1172, 1229, 1233, 1234, 1255, 1256, 1269, 1310, 1311, 1312, 1315, 1316, 1317, 1349, 1355, 1358, 1364, 1414, 1415, 1438, 1453, 1457, 1479, 1503, 1516, 1517, 1518, 1546, 1589, 1594, 1595, 1599], "excluded_lines": []}, "": {"executed_lines": [1, 8, 10, 11, 12, 13, 15, 16, 17, 18, 19, 21, 32, 33, 42, 52, 53, 54, 66, 67, 69, 73, 74, 162, 199, 204, 223, 237, 318, 367, 443, 491, 530, 586, 612, 652, 721, 759, 818, 952, 1056, 1083, 1153, 1249, 1293, 1379, 1406, 1422, 1434, 1461, 1468, 1512, 1535, 1584, 1605], "summary": {"covered_lines": 52, "num_statements": 52, "percent_covered": 100.0, "percent_covered_display": "100.00", "missing_lines": 0, "excluded_lines": 2, "percent_statements_covered": 100.0, "percent_statements_covered_display": "100.00"}, "missing_lines": [], "excluded_lines": [69, 70]}}}, "src/r2x_reeds/parser_checks.py": {"executed_lines": [1, 3, 5, 6, 8, 9, 11, 15, 27, 28, 29, 31, 32, 34, 35, 41, 49, 50, 51, 53, 54, 55, 56, 61, 63, 66, 76, 77, 80, 81, 82, 84, 85, 87, 88, 89, 91, 93, 94, 95, 96, 101, 103], "summary": {"covered_lines": 41, "num_statements": 44, "percent_covered": 93.18181818181819, "percent_covered_display": "93.18", "missing_lines": 3, "excluded_lines": 2, "percent_statements_covered": 93.18181818181819, "percent_statements_covered_display": "93.18"}, "missing_lines": [37, 38, 78], "excluded_lines": [11, 12], "functions": {"check_dataset_non_empty": {"executed_lines": [27, 28, 29, 31, 32, 34, 35], "summary": {"covered_lines": 7, "num_statements": 9, "percent_covered": 77.77777777777777, "percent_covered_display": "77.78", "missing_lines": 2, "excluded_lines": 0, "percent_statements_covered": 77.77777777777777, "percent_statements_covered_display": "77.78"}, "missing_lines": [37, 38], "excluded_lines": []}, "check_column_exists": {"executed_lines": [49, 50, 51, 53, 54, 55, 56, 61, 63], "summary": {"covered_lines": 9, "num_statements": 9, "percent_covered": 100.0, "percent_covered_display": "100.00", "missing_lines": 0, "excluded_lines": 0, "percent_statements_covered": 100.0, "percent_statements_covered_display": "100.00"}, "missing_lines": [], "excluded_lines": []}, "check_required_values_in_column": {"executed_lines": [76, 77, 80, 81, 82, 84, 85, 87, 88, 89, 91, 93, 94, 95, 96, 101, 103], "summary": {"covered_lines": 17, "num_statements": 18, "percent_covered": 94.44444444444444, "percent_covered_display": "94.44", "missing_lines": 1, "excluded_lines": 0, "percent_statements_covered": 94.44444444444444, "percent_statements_covered_display": "94.44"}, "missing_lines": [78], "excluded_lines": []}, "": {"executed_lines": [1, 3, 5, 6, 8, 9, 11, 15, 41, 66], "summary": {"covered_lines": 8, "num_statements": 8, "percent_covered": 100.0, "percent_covered_display": "100.00", "missing_lines": 0, "excluded_lines": 2, "percent_statements_covered": 100.0, "percent_statements_covered_display": "100.00"}, "missing_lines": [], "excluded_lines": [11, 12]}}, "classes": {"": {"executed_lines": [1, 3, 5, 6, 8, 9, 11, 15, 27, 28, 29, 31, 32, 34, 35, 41, 49, 50, 51, 53, 54, 55, 56, 61, 63, 66, 76, 77, 80, 81, 82, 84, 85, 87, 88, 89, 91, 93, 94, 95, 96, 101, 103], "summary": {"covered_lines": 41, "num_statements": 44, "percent_covered": 93.18181818181819, "percent_covered_display": "93.18", "missing_lines": 3, "excluded_lines": 2, "percent_statements_covered": 93.18181818181819, "percent_statements_covered_display": "93.18"}, "missing_lines": [37, 38, 78], "excluded_lines": [11, 12]}}}, "src/r2x_reeds/parser_utils.py": {"executed_lines": [1, 3, 5, 6, 7, 8, 10, 11, 12, 13, 15, 16, 17, 18, 20, 25, 42, 45, 46, 48, 49, 50, 51, 52, 54, 55, 57, 60, 77, 78, 80, 81, 83, 84, 85, 87, 88, 90, 91, 93, 96, 107, 108, 109, 110, 111, 114, 131, 132, 133, 134, 135, 137, 138, 140, 143, 145, 146, 148, 149, 151, 154, 163, 164, 165, 170, 192, 194, 195, 196, 198, 199, 201, 202, 203, 204, 210, 240, 241, 243, 245, 250, 252, 253, 260, 261, 266, 268, 269, 270, 272, 273, 274, 275, 277, 278, 281, 284, 287, 289, 290, 291, 292, 293, 294, 295, 297, 298, 299, 300, 304, 310, 311, 313, 314, 316, 317, 319, 321, 322, 323, 324, 325, 326, 328, 337, 346, 348, 355, 358, 359, 360, 361, 362, 363, 365, 366, 368, 371, 387, 388, 390, 391, 392, 393, 394, 396, 398, 400, 401, 404, 439, 440, 441, 443, 444, 445, 446, 447, 448, 450, 451, 452, 453, 454, 455, 456, 457, 460, 462, 463, 464, 465, 466, 467, 469, 470, 472, 478, 487, 488, 490, 491, 493, 494, 495, 496, 497, 498, 499, 500, 508, 509, 514, 516, 517, 518, 519, 520, 521, 523, 524, 530, 532, 533, 534, 536, 539, 547, 548, 551, 556, 559, 560, 563, 564, 567, 570, 580, 581, 587, 590, 591, 594, 595, 596, 597, 599, 601, 602, 604, 607, 611, 612, 614, 617, 620, 622, 623, 624, 625, 626, 629, 636, 637, 638, 640, 641, 642, 643, 645], "summary": {"covered_lines": 249, "num_statements": 277, "percent_covered": 89.89169675090253, "percent_covered_display": "89.89", "missing_lines": 28, "excluded_lines": 5, "percent_statements_covered": 89.89169675090253, "percent_statements_covered_display": "89.89"}, "missing_lines": [206, 207, 285, 286, 356, 474, 475, 501, 502, 503, 504, 505, 506, 510, 511, 512, 513, 525, 526, 527, 528, 549, 557, 561, 565, 588, 592, 605], "excluded_lines": [20, 21, 22, 166, 167], "functions": {"_build_generator_field_map": {"executed_lines": [45, 46, 48, 49, 50, 51, 52, 54, 55, 57], "summary": {"covered_lines": 10, "num_statements": 10, "percent_covered": 100.0, "percent_covered_display": "100.00", "missing_lines": 0, "excluded_lines": 0, "percent_statements_covered": 100.0, "percent_statements_covered_display": "100.00"}, "missing_lines": [], "excluded_lines": []}, "tech_matches_category": {"executed_lines": [77, 78, 80, 81, 83, 84, 85, 87, 88, 90, 91, 93], "summary": {"covered_lines": 12, "num_statements": 12, "percent_covered": 100.0, "percent_covered_display": "100.00", "missing_lines": 0, "excluded_lines": 0, "percent_statements_covered": 100.0, "percent_statements_covered_display": "100.00"}, "missing_lines": [], "excluded_lines": []}, "get_technology_category": {"executed_lines": [107, 108, 109, 110, 111], "summary": {"covered_lines": 5, "num_statements": 5, "percent_covered": 100.0, "percent_covered_display": "100.00", "missing_lines": 0, "excluded_lines": 0, "percent_statements_covered": 100.0, "percent_statements_covered_display": "100.00"}, "missing_lines": [], "excluded_lines": []}, "get_technology_categories": {"executed_lines": [131, 132, 133, 134, 135, 137, 138, 140], "summary": {"covered_lines": 8, "num_statements": 8, "percent_covered": 100.0, "percent_covered_display": "100.00", "missing_lines": 0, "excluded_lines": 0, "percent_statements_covered": 100.0, "percent_statements_covered_display": "100.00"}, "missing_lines": [], "excluded_lines": []}, "monthly_to_hourly_polars": {"executed_lines": [145, 146, 148, 149, 151], "summary": {"covered_lines": 5, "num_statements": 5, "percent_covered": 100.0, "percent_covered_display": "100.00", "missing_lines": 0, "excluded_lines": 0, "percent_statements_covered": 100.0, "percent_statements_covered_display": "100.00"}, "missing_lines": [], "excluded_lines": []}, "merge_lazy_frames": {"executed_lines": [163, 164, 165], "summary": {"covered_lines": 3, "num_statements": 3, "percent_covered": 100.0, "percent_covered_display": "100.00", "missing_lines": 0, "excluded_lines": 2, "percent_statements_covered": 100.0, "percent_statements_covered_display": "100.00"}, "missing_lines": [], "excluded_lines": [166, 167]}, "get_generator_class": {"executed_lines": [192, 194, 195, 196, 198, 199, 201, 202, 203, 204], "summary": {"covered_lines": 10, "num_statements": 12, "percent_covered": 83.33333333333333, "percent_covered_display": "83.33", "missing_lines": 2, "excluded_lines": 0, "percent_statements_covered": 83.33333333333333, "percent_statements_covered_display": "83.33"}, "missing_lines": [206, 207], "excluded_lines": []}, "_prepare_generator_dataset": {"executed_lines": [240, 241, 243, 245, 250, 268, 269, 270, 272, 273, 274, 275, 277, 278, 281, 284, 287, 289, 290, 291, 292, 293, 294, 295, 297, 298, 299, 300, 304, 310, 311, 313, 314, 316, 317, 319, 328, 337, 346, 348, 355, 358, 359, 360, 361, 362, 363, 365, 366, 368], "summary": {"covered_lines": 50, "num_statements": 53, "percent_covered": 94.33962264150944, "percent_covered_display": "94.34", "missing_lines": 3, "excluded_lines": 0, "percent_statements_covered": 94.33962264150944, "percent_statements_covered_display": "94.34"}, "missing_lines": [285, 286, 356], "excluded_lines": []}, "_prepare_generator_dataset._transform_optional": {"executed_lines": [252, 253, 260, 261, 266], "summary": {"covered_lines": 5, "num_statements": 5, "percent_covered": 100.0, "percent_covered_display": "100.00", "missing_lines": 0, "excluded_lines": 0, "percent_statements_covered": 100.0, "percent_statements_covered_display": "100.00"}, "missing_lines": [], "excluded_lines": []}, "_prepare_generator_dataset._categories_for_tech": {"executed_lines": [321, 322, 323, 324, 325, 326], "summary": {"covered_lines": 6, "num_statements": 6, "percent_covered": 100.0, "percent_covered_display": "100.00", "missing_lines": 0, "excluded_lines": 0, "percent_statements_covered": 100.0, "percent_statements_covered_display": "100.00"}, "missing_lines": [], "excluded_lines": []}, "aggregate_variable_generators": {"executed_lines": [387, 388, 390, 391, 392, 393, 394, 396, 398, 400, 401], "summary": {"covered_lines": 11, "num_statements": 11, "percent_covered": 100.0, "percent_covered_display": "100.00", "missing_lines": 0, "excluded_lines": 0, "percent_statements_covered": 100.0, "percent_statements_covered_display": "100.00"}, "missing_lines": [], "excluded_lines": []}, "calculate_reserve_requirement": {"executed_lines": [439, 440, 441, 443, 444, 445, 446, 447, 448, 450, 451, 452, 453, 454, 455, 456, 457, 460, 462, 463, 464, 465, 466, 467, 469, 470, 472], "summary": {"covered_lines": 27, "num_statements": 29, "percent_covered": 93.10344827586206, "percent_covered_display": "93.10", "missing_lines": 2, "excluded_lines": 0, "percent_statements_covered": 93.10344827586206, "percent_statements_covered_display": "93.10"}, "missing_lines": [474, 475], "excluded_lines": []}, "_collect_component_kwargs_from_rule": {"executed_lines": [487, 488, 490, 491, 493, 494, 495, 496, 497, 498, 499, 500, 508, 509, 514, 516, 517, 518, 519, 520, 521, 523, 524, 530, 532, 533, 534, 536], "summary": {"covered_lines": 28, "num_statements": 42, "percent_covered": 66.66666666666667, "percent_covered_display": "66.67", "missing_lines": 14, "excluded_lines": 0, "percent_statements_covered": 66.66666666666667, "percent_statements_covered_display": "66.67"}, "missing_lines": [501, 502, 503, 504, 505, 506, 510, 511, 512, 513, 525, 526, 527, 528], "excluded_lines": []}, "_resolve_generator_rule_from_row": {"executed_lines": [547, 548, 551, 556, 559, 560, 563, 564, 567], "summary": {"covered_lines": 9, "num_statements": 13, "percent_covered": 69.23076923076923, "percent_covered_display": "69.23", "missing_lines": 4, "excluded_lines": 0, "percent_statements_covered": 69.23076923076923, "percent_statements_covered_display": "69.23"}, "missing_lines": [549, 557, 561, 565], "excluded_lines": []}, "prepare_generator_inputs": {"executed_lines": [580, 581, 587, 590, 591, 594, 595, 596, 597, 599, 601, 602, 604, 607, 611, 612, 614], "summary": {"covered_lines": 17, "num_statements": 20, "percent_covered": 85.0, "percent_covered_display": "85.00", "missing_lines": 3, "excluded_lines": 0, "percent_statements_covered": 85.0, "percent_statements_covered_display": "85.00"}, "missing_lines": [588, 592, 605], "excluded_lines": []}, "get_rules_by_target": {"executed_lines": [620, 622, 623, 624, 625, 626], "summary": {"covered_lines": 6, "num_statements": 6, "percent_covered": 100.0, "percent_covered_display": "100.00", "missing_lines": 0, "excluded_lines": 0, "percent_statements_covered": 100.0, "percent_statements_covered_display": "100.00"}, "missing_lines": [], "excluded_lines": []}, "get_rule_for_target": {"executed_lines": [636, 637, 638, 640, 641, 642, 643, 645], "summary": {"covered_lines": 8, "num_statements": 8, "percent_covered": 100.0, "percent_covered_display": "100.00", "missing_lines": 0, "excluded_lines": 0, "percent_statements_covered": 100.0, "percent_statements_covered_display": "100.00"}, "missing_lines": [], "excluded_lines": []}, "": {"executed_lines": [1, 3, 5, 6, 7, 8, 10, 11, 12, 13, 15, 16, 17, 18, 20, 25, 42, 60, 96, 114, 143, 154, 170, 210, 371, 404, 478, 539, 570, 617, 629], "summary": {"covered_lines": 29, "num_statements": 29, "percent_covered": 100.0, "percent_covered_display": "100.00", "missing_lines": 0, "excluded_lines": 3, "percent_statements_covered": 100.0, "percent_statements_covered_display": "100.00"}, "missing_lines": [], "excluded_lines": [20, 21, 22]}}, "classes": {"": {"executed_lines": [1, 3, 5, 6, 7, 8, 10, 11, 12, 13, 15, 16, 17, 18, 20, 25, 42, 45, 46, 48, 49, 50, 51, 52, 54, 55, 57, 60, 77, 78, 80, 81, 83, 84, 85, 87, 88, 90, 91, 93, 96, 107, 108, 109, 110, 111, 114, 131, 132, 133, 134, 135, 137, 138, 140, 143, 145, 146, 148, 149, 151, 154, 163, 164, 165, 170, 192, 194, 195, 196, 198, 199, 201, 202, 203, 204, 210, 240, 241, 243, 245, 250, 252, 253, 260, 261, 266, 268, 269, 270, 272, 273, 274, 275, 277, 278, 281, 284, 287, 289, 290, 291, 292, 293, 294, 295, 297, 298, 299, 300, 304, 310, 311, 313, 314, 316, 317, 319, 321, 322, 323, 324, 325, 326, 328, 337, 346, 348, 355, 358, 359, 360, 361, 362, 363, 365, 366, 368, 371, 387, 388, 390, 391, 392, 393, 394, 396, 398, 400, 401, 404, 439, 440, 441, 443, 444, 445, 446, 447, 448, 450, 451, 452, 453, 454, 455, 456, 457, 460, 462, 463, 464, 465, 466, 467, 469, 470, 472, 478, 487, 488, 490, 491, 493, 494, 495, 496, 497, 498, 499, 500, 508, 509, 514, 516, 517, 518, 519, 520, 521, 523, 524, 530, 532, 533, 534, 536, 539, 547, 548, 551, 556, 559, 560, 563, 564, 567, 570, 580, 581, 587, 590, 591, 594, 595, 596, 597, 599, 601, 602, 604, 607, 611, 612, 614, 617, 620, 622, 623, 624, 625, 626, 629, 636, 637, 638, 640, 641, 642, 643, 645], "summary": {"covered_lines": 249, "num_statements": 277, "percent_covered": 89.89169675090253, "percent_covered_display": "89.89", "missing_lines": 28, "excluded_lines": 5, "percent_statements_covered": 89.89169675090253, "percent_statements_covered_display": "89.89"}, "missing_lines": [206, 207, 285, 286, 356, 474, 475, 501, 502, 503, 504, 505, 506, 510, 511, 512, 513, 525, 526, 527, 528, 549, 557, 561, 565, 588, 592, 605], "excluded_lines": [20, 21, 22, 166, 167]}}}, "src/r2x_reeds/plugin_config.py": {"executed_lines": [1, 3, 5, 7, 9, 12, 13, 67, 71, 75, 76, 78, 79, 87, 88, 89, 91, 92, 100, 101, 102], "summary": {"covered_lines": 19, "num_statements": 19, "percent_covered": 100.0, "percent_covered_display": "100.00", "missing_lines": 0, "excluded_lines": 0, "percent_statements_covered": 100.0, "percent_statements_covered_display": "100.00"}, "missing_lines": [], "excluded_lines": [], "functions": {"ReEDSConfig.primary_solve_year": {"executed_lines": [87, 88, 89], "summary": {"covered_lines": 3, "num_statements": 3, "percent_covered": 100.0, "percent_covered_display": "100.00", "missing_lines": 0, "excluded_lines": 0, "percent_statements_covered": 100.0, "percent_statements_covered_display": "100.00"}, "missing_lines": [], "excluded_lines": []}, "ReEDSConfig.primary_weather_year": {"executed_lines": [100, 101, 102], "summary": {"covered_lines": 3, "num_statements": 3, "percent_covered": 100.0, "percent_covered_display": "100.00", "missing_lines": 0, "excluded_lines": 0, "percent_statements_covered": 100.0, "percent_statements_covered_display": "100.00"}, "missing_lines": [], "excluded_lines": []}, "": {"executed_lines": [1, 3, 5, 7, 9, 12, 13, 67, 71, 75, 76, 78, 79, 91, 92], "summary": {"covered_lines": 13, "num_statements": 13, "percent_covered": 100.0, "percent_covered_display": "100.00", "missing_lines": 0, "excluded_lines": 0, "percent_statements_covered": 100.0, "percent_statements_covered_display": "100.00"}, "missing_lines": [], "excluded_lines": []}}, "classes": {"ReEDSConfig": {"executed_lines": [87, 88, 89, 100, 101, 102], "summary": {"covered_lines": 6, "num_statements": 6, "percent_covered": 100.0, "percent_covered_display": "100.00", "missing_lines": 0, "excluded_lines": 0, "percent_statements_covered": 100.0, "percent_statements_covered_display": "100.00"}, "missing_lines": [], "excluded_lines": []}, "": {"executed_lines": [1, 3, 5, 7, 9, 12, 13, 67, 71, 75, 76, 78, 79, 91, 92], "summary": {"covered_lines": 13, "num_statements": 13, "percent_covered": 100.0, "percent_covered_display": "100.00", "missing_lines": 0, "excluded_lines": 0, "percent_statements_covered": 100.0, "percent_statements_covered_display": "100.00"}, "missing_lines": [], "excluded_lines": []}}}, "src/r2x_reeds/plugins.py": {"executed_lines": [], "summary": {"covered_lines": 0, "num_statements": 13, "percent_covered": 0.0, "percent_covered_display": "0.00", "missing_lines": 13, "excluded_lines": 0, "percent_statements_covered": 0.0, "percent_statements_covered_display": "0.00"}, "missing_lines": [8, 10, 11, 12, 13, 14, 15, 16, 17, 20, 21, 24, 33], "excluded_lines": [], "functions": {"": {"executed_lines": [], "summary": {"covered_lines": 0, "num_statements": 13, "percent_covered": 0.0, "percent_covered_display": "0.00", "missing_lines": 13, "excluded_lines": 0, "percent_statements_covered": 0.0, "percent_statements_covered_display": "0.00"}, "missing_lines": [8, 10, 11, 12, 13, 14, 15, 16, 17, 20, 21, 24, 33], "excluded_lines": []}}, "classes": {"": {"executed_lines": [], "summary": {"covered_lines": 0, "num_statements": 13, "percent_covered": 0.0, "percent_covered_display": "0.00", "missing_lines": 13, "excluded_lines": 0, "percent_statements_covered": 0.0, "percent_statements_covered_display": "0.00"}, "missing_lines": [8, 10, 11, 12, 13, 14, 15, 16, 17, 20, 21, 24, 33], "excluded_lines": []}}}, "src/r2x_reeds/row_utils.py": {"executed_lines": [1, 12, 14, 16, 19, 20, 24, 25, 29, 63, 65, 67, 70, 100, 102, 104], "summary": {"covered_lines": 15, "num_statements": 15, "percent_covered": 100.0, "percent_covered_display": "100.00", "missing_lines": 0, "excluded_lines": 0, "percent_statements_covered": 100.0, "percent_statements_covered_display": "100.00"}, "missing_lines": [], "excluded_lines": [], "functions": {"get_row_field": {"executed_lines": [63, 65, 67], "summary": {"covered_lines": 3, "num_statements": 3, "percent_covered": 100.0, "percent_covered_display": "100.00", "missing_lines": 0, "excluded_lines": 0, "percent_statements_covered": 100.0, "percent_statements_covered_display": "100.00"}, "missing_lines": [], "excluded_lines": []}, "has_row_field": {"executed_lines": [100, 102, 104], "summary": {"covered_lines": 3, "num_statements": 3, "percent_covered": 100.0, "percent_covered_display": "100.00", "missing_lines": 0, "excluded_lines": 0, "percent_statements_covered": 100.0, "percent_statements_covered_display": "100.00"}, "missing_lines": [], "excluded_lines": []}, "": {"executed_lines": [1, 12, 14, 16, 19, 20, 24, 25, 29, 70], "summary": {"covered_lines": 9, "num_statements": 9, "percent_covered": 100.0, "percent_covered_display": "100.00", "missing_lines": 0, "excluded_lines": 0, "percent_statements_covered": 100.0, "percent_statements_covered_display": "100.00"}, "missing_lines": [], "excluded_lines": []}}, "classes": {"": {"executed_lines": [1, 12, 14, 16, 19, 20, 24, 25, 29, 63, 65, 67, 70, 100, 102, 104], "summary": {"covered_lines": 15, "num_statements": 15, "percent_covered": 100.0, "percent_covered_display": "100.00", "missing_lines": 0, "excluded_lines": 0, "percent_statements_covered": 100.0, "percent_statements_covered_display": "100.00"}, "missing_lines": [], "excluded_lines": []}}}, "src/r2x_reeds/rules_helper.py": {"executed_lines": [1, 3, 5, 7, 8, 11, 34], "summary": {"covered_lines": 6, "num_statements": 6, "percent_covered": 100.0, "percent_covered_display": "100.00", "missing_lines": 0, "excluded_lines": 0, "percent_statements_covered": 100.0, "percent_statements_covered_display": "100.00"}, "missing_lines": [], "excluded_lines": [], "functions": {"create_parser_context": {"executed_lines": [34], "summary": {"covered_lines": 1, "num_statements": 1, "percent_covered": 100.0, "percent_covered_display": "100.00", "missing_lines": 0, "excluded_lines": 0, "percent_statements_covered": 100.0, "percent_statements_covered_display": "100.00"}, "missing_lines": [], "excluded_lines": []}, "": {"executed_lines": [1, 3, 5, 7, 8, 11], "summary": {"covered_lines": 5, "num_statements": 5, "percent_covered": 100.0, "percent
[...]
 201, 202, 204, 207, 213, 216, 219, 221, 222, 223, 225, 227, 229, 231, 232, 233, 237, 238, 244, 246, 253, 254, 256], "summary": {"covered_lines": 79, "num_statements": 88, "percent_covered": 89.77272727272727, "percent_covered_display": "89.77", "missing_lines": 9, "excluded_lines": 0, "percent_statements_covered": 89.77272727272727, "percent_statements_covered_display": "89.77"}, "missing_lines": [88, 89, 131, 132, 133, 137, 138, 198, 235], "excluded_lines": []}}}, "src/r2x_reeds/sysmod/emission_cap.py": {"executed_lines": [1, 6, 7, 8, 10, 11, 12, 15, 65, 67, 70, 73, 74, 77, 78, 79, 80, 81, 82, 83, 84, 89, 90, 91, 92, 93, 94, 95, 96, 97, 98, 102, 105, 117, 119, 120, 125, 126, 127, 128, 131, 132, 133, 134, 135, 136, 138, 141, 143, 144, 151, 152, 154, 155, 156, 159, 164, 186, 187, 189, 190, 191, 194, 195, 196, 198, 199, 200, 201, 202, 205, 209, 213, 214, 215, 216, 218, 219, 220, 222, 225, 249, 250, 251, 253, 254, 255, 257, 258, 259, 261, 263, 273, 275, 283], "summary": {"covered_lines": 94, "num_statements": 105, "percent_covered": 89.52380952380952, "percent_covered_display": "89.52", "missing_lines": 11, "excluded_lines": 0, "percent_statements_covered": 89.52380952380952, "percent_statements_covered_display": "89.52"}, "missing_lines": [85, 86, 99, 100, 121, 122, 160, 161, 193, 210, 211], "excluded_lines": [], "functions": {"add_emission_cap": {"executed_lines": [65, 67, 70, 73, 74, 77, 78, 79, 80, 81, 82, 83, 84, 89, 90, 91, 92, 93, 94, 95, 96, 97, 98, 102], "summary": {"covered_lines": 24, "num_statements": 28, "percent_covered": 85.71428571428571, "percent_covered_display": "85.71", "missing_lines": 4, "excluded_lines": 0, "percent_statements_covered": 85.71428571428571, "percent_statements_covered_display": "85.71"}, "missing_lines": [85, 86, 99, 100], "excluded_lines": []}, "_add_precombustion_if_enabled": {"executed_lines": [117, 119, 120, 125, 126, 127, 128, 131, 132, 133, 134, 135, 136, 138, 141, 143, 144, 151, 152, 154, 155, 156, 159], "summary": {"covered_lines": 23, "num_statements": 27, "percent_covered": 85.18518518518519, "percent_covered_display": "85.19", "missing_lines": 4, "excluded_lines": 0, "percent_statements_covered": 85.18518518518519, "percent_statements_covered_display": "85.19"}, "missing_lines": [121, 122, 160, 161], "excluded_lines": []}, "add_precombustion": {"executed_lines": [186, 187, 189, 190, 191, 194, 195, 196, 198, 199, 200, 201, 202, 205, 209, 213, 214, 215, 216, 218, 219, 220, 222], "summary": {"covered_lines": 23, "num_statements": 26, "percent_covered": 88.46153846153847, "percent_covered_display": "88.46", "missing_lines": 3, "excluded_lines": 0, "percent_statements_covered": 88.46153846153847, "percent_statements_covered_display": "88.46"}, "missing_lines": [193, 210, 211], "excluded_lines": []}, "set_emission_constraint": {"executed_lines": [249, 250, 251, 253, 254, 255, 257, 258, 259, 261, 263, 273, 275, 283], "summary": {"covered_lines": 14, "num_statements": 14, "percent_covered": 100.0, "percent_covered_display": "100.00", "missing_lines": 0, "excluded_lines": 0, "percent_statements_covered": 100.0, "percent_statements_covered_display": "100.00"}, "missing_lines": [], "excluded_lines": []}, "": {"executed_lines": [1, 6, 7, 8, 10, 11, 12, 15, 105, 164, 225], "summary": {"covered_lines": 10, "num_statements": 10, "percent_covered": 100.0, "percent_covered_display": "100.00", "missing_lines": 0, "excluded_lines": 0, "percent_statements_covered": 100.0, "percent_statements_covered_display": "100.00"}, "missing_lines": [], "excluded_lines": []}}, "classes": {"": {"executed_lines": [1, 6, 7, 8, 10, 11, 12, 15, 65, 67, 70, 73, 74, 77, 78, 79, 80, 81, 82, 83, 84, 89, 90, 91, 92, 93, 94, 95, 96, 97, 98, 102, 105, 117, 119, 120, 125, 126, 127, 128, 131, 132, 133, 134, 135, 136, 138, 141, 143, 144, 151, 152, 154, 155, 156, 159, 164, 186, 187, 189, 190, 191, 194, 195, 196, 198, 199, 200, 201, 202, 205, 209, 213, 214, 215, 216, 218, 219, 220, 222, 225, 249, 250, 251, 253, 254, 255, 257, 258, 259, 261, 263, 273, 275, 283], "summary": {"covered_lines": 94, "num_statements": 105, "percent_covered": 89.52380952380952, "percent_covered_display": "89.52", "missing_lines": 11, "excluded_lines": 0, "percent_statements_covered": 89.52380952380952, "percent_statements_covered_display": "89.52"}, "missing_lines": [85, 86, 99, 100, 121, 122, 160, 161, 193, 210, 211], "excluded_lines": []}}}, "src/r2x_reeds/sysmod/imports.py": {"executed_lines": [1, 9, 11, 12, 13, 14, 16, 17, 20, 56, 57, 58, 60, 61, 62, 63, 64, 66, 68, 70, 71, 72, 74, 75, 76, 77, 78, 79, 82, 84, 85, 86, 89, 94, 98, 99, 101, 104, 109, 112, 114, 115, 116, 118, 119, 120, 122, 129, 130, 132, 133, 134, 136], "summary": {"covered_lines": 52, "num_statements": 52, "percent_covered": 100.0, "percent_covered_display": "100.00", "missing_lines": 0, "excluded_lines": 0, "percent_statements_covered": 100.0, "percent_statements_covered_display": "100.00"}, "missing_lines": [], "excluded_lines": [], "functions": {"add_imports": {"executed_lines": [56, 57, 58, 60, 61, 62, 63, 64, 66, 68, 70, 71, 72, 74, 75, 76, 77, 78, 79, 82, 84, 85, 86, 89, 94, 98, 99, 101, 104, 109, 112, 114, 115, 116, 118, 119, 120, 122, 129, 130, 132, 133, 134, 136], "summary": {"covered_lines": 44, "num_statements": 44, "percent_covered": 100.0, "percent_covered_display": "100.00", "missing_lines": 0, "excluded_lines": 0, "percent_statements_covered": 100.0, "percent_statements_covered_display": "100.00"}, "missing_lines": [], "excluded_lines": []}, "": {"executed_lines": [1, 9, 11, 12, 13, 14, 16, 17, 20], "summary": {"covered_lines": 8, "num_statements": 8, "percent_covered": 100.0, "percent_covered_display": "100.00", "missing_lines": 0, "excluded_lines": 0, "percent_statements_covered": 100.0, "percent_statements_covered_display": "100.00"}, "missing_lines": [], "excluded_lines": []}}, "classes": {"": {"executed_lines": [1, 9, 11, 12, 13, 14, 16, 17, 20, 56, 57, 58, 60, 61, 62, 63, 64, 66, 68, 70, 71, 72, 74, 75, 76, 77, 78, 79, 82, 84, 85, 86, 89, 94, 98, 99, 101, 104, 109, 112, 114, 115, 116, 118, 119, 120, 122, 129, 130, 132, 133, 134, 136], "summary": {"covered_lines": 52, "num_statements": 52, "percent_covered": 100.0, "percent_covered_display": "100.00", "missing_lines": 0, "excluded_lines": 0, "percent_statements_covered": 100.0, "percent_statements_covered_display": "100.00"}, "missing_lines": [], "excluded_lines": []}}}, "src/r2x_reeds/sysmod/pcm_defaults.py": {"executed_lines": [1, 3, 5, 6, 8, 9, 10, 13, 41, 44, 45, 46, 48, 49, 50, 52, 55, 56, 57, 58, 60, 63, 66, 71, 73, 79, 80, 81, 82, 83, 85, 86, 88, 89, 93, 95, 96, 97, 100, 101, 102, 103, 108, 109, 111, 112, 113, 114, 115, 117, 118, 121, 123, 124, 128, 130, 131, 132, 135, 137, 138, 139, 140], "summary": {"covered_lines": 62, "num_statements": 66, "percent_covered": 93.93939393939394, "percent_covered_display": "93.94", "missing_lines": 4, "excluded_lines": 0, "percent_statements_covered": 93.93939393939394, "percent_statements_covered_display": "93.94"}, "missing_lines": [98, 105, 106, 125], "excluded_lines": [], "functions": {"add_pcm_defaults": {"executed_lines": [41, 44, 45, 46, 48, 49, 50, 52, 55, 56, 57, 58, 60, 63, 66, 71, 73, 79, 80, 81, 82, 83, 85, 86, 88, 89, 93, 95, 96, 97, 100, 101, 102, 103, 108, 109, 111, 112, 113, 114, 115, 117, 118], "summary": {"covered_lines": 43, "num_statements": 46, "percent_covered": 93.47826086956522, "percent_covered_display": "93.48", "missing_lines": 3, "excluded_lines": 0, "percent_statements_covered": 93.47826086956522, "percent_statements_covered_display": "93.48"}, "missing_lines": [98, 105, 106], "excluded_lines": []}, "_multiply_value": {"executed_lines": [123, 124], "summary": {"covered_lines": 2, "num_statements": 3, "percent_covered": 66.66666666666667, "percent_covered_display": "66.67", "missing_lines": 1, "excluded_lines": 0, "percent_statements_covered": 66.66666666666667, "percent_statements_covered_display": "66.67"}, "missing_lines": [125], "excluded_lines": []}, "_check_if_null": {"executed_lines": [130, 131, 132], "summary": {"covered_lines": 3, "num_statements": 3, "percent_covered": 100.0, "percent_covered_display": "100.00", "missing_lines": 0, "excluded_lines": 0, "percent_statements_covered": 100.0, "percent_statements_covered_display": "100.00"}, "missing_lines": [], "excluded_lines": []}, "_get_component_attribute": {"executed_lines": [137, 138, 139, 140], "summary": {"covered_lines": 4, "num_statements": 4, "percent_covered": 100.0, "percent_covered_display": "100.00", "missing_lines": 0, "excluded_lines": 0, "percent_statements_covered": 100.0, "percent_statements_covered_display": "100.00"}, "missing_lines": [], "excluded_lines": []}, "": {"executed_lines": [1, 3, 5, 6, 8, 9, 10, 13, 121, 128, 135], "summary": {"covered_lines": 10, "num_statements": 10, "percent_covered": 100.0, "percent_covered_display": "100.00", "missing_lines": 0, "excluded_lines": 0, "percent_statements_covered": 100.0, "percent_statements_covered_display": "100.00"}, "missing_lines": [], "excluded_lines": []}}, "classes": {"": {"executed_lines": [1, 3, 5, 6, 8, 9, 10, 13, 41, 44, 45, 46, 48, 49, 50, 52, 55, 56, 57, 58, 60, 63, 66, 71, 73, 79, 80, 81, 82, 83, 85, 86, 88, 89, 93, 95, 96, 97, 100, 101, 102, 103, 108, 109, 111, 112, 113, 114, 115, 117, 118, 121, 123, 124, 128, 130, 131, 132, 135, 137, 138, 139, 140], "summary": {"covered_lines": 62, "num_statements": 66, "percent_covered": 93.93939393939394, "percent_covered_display": "93.94", "missing_lines": 4, "excluded_lines": 0, "percent_statements_covered": 93.93939393939394, "percent_statements_covered_display": "93.94"}, "missing_lines": [98, 105, 106, 125], "excluded_lines": []}}}, "src/r2x_reeds/sysmod/utils.py": {"executed_lines": [1, 3, 5, 6, 7, 8, 10, 11, 14, 34, 35, 37, 38, 39, 40, 42, 43, 44, 45, 47, 48, 49, 50, 52, 53, 54, 55, 57, 58, 60, 61, 62, 69, 70, 76, 79, 83, 84, 85, 86, 90, 92, 93, 95, 96, 102], "summary": {"covered_lines": 45, "num_statements": 45, "percent_covered": 100.0, "percent_covered_display": "100.00", "missing_lines": 0, "excluded_lines": 0, "percent_statements_covered": 100.0, "percent_statements_covered_display": "100.00"}, "missing_lines": [], "excluded_lines": [], "functions": {"_deduplicate_records": {"executed_lines": [34, 35, 37, 38, 39, 40, 42, 43, 44, 45, 47, 48, 49, 50, 52, 53, 54, 55, 57, 58, 60, 61, 62, 69, 70, 76], "summary": {"covered_lines": 26, "num_statements": 26, "percent_covered": 100.0, "percent_covered_display": "100.00", "missing_lines": 0, "excluded_lines": 0, "percent_statements_covered": 100.0, "percent_statements_covered_display": "100.00"}, "missing_lines": [], "excluded_lines": []}, "_coerce_path": {"executed_lines": [83, 84, 85, 86, 90, 92, 93, 95, 96, 102], "summary": {"covered_lines": 10, "num_statements": 10, "percent_covered": 100.0, "percent_covered_display": "100.00", "missing_lines": 0, "excluded_lines": 0, "percent_statements_covered": 100.0, "percent_statements_covered_display": "100.00"}, "missing_lines": [], "excluded_lines": []}, "": {"executed_lines": [1, 3, 5, 6, 7, 8, 10, 11, 14, 79], "summary": {"covered_lines": 9, "num_statements": 9, "percent_covered": 100.0, "percent_covered_display": "100.00", "missing_lines": 0, "excluded_lines": 0, "percent_statements_covered": 100.0, "percent_statements_covered_display": "100.00"}, "missing_lines": [], "excluded_lines": []}}, "classes": {"": {"executed_lines": [1, 3, 5, 6, 7, 8, 10, 11, 14, 34, 35, 37, 38, 39, 40, 42, 43, 44, 45, 47, 48, 49, 50, 52, 53, 54, 55, 57, 58, 60, 61, 62, 69, 70, 76, 79, 83, 84, 85, 86, 90, 92, 93, 95, 96, 102], "summary": {"covered_lines": 45, "num_statements": 45, "percent_covered": 100.0, "percent_covered_display": "100.00", "missing_lines": 0, "excluded_lines": 0, "percent_statements_covered": 100.0, "percent_statements_covered_display": "100.00"}, "missing_lines": [], "excluded_lines": []}}}, "src/r2x_reeds/upgrader/__init__.py": {"executed_lines": [1, 3, 4, 5, 8, 10], "summary": {"covered_lines": 5, "num_statements": 5, "percent_covered": 100.0, "percent_covered_display": "100.00", "missing_lines": 0, "excluded_lines": 0, "percent_statements_covered": 100.0, "percent_statements_covered_display": "100.00"}, "missing_lines": [], "excluded_lines": [], "functions": {"": {"executed_lines": [1, 3, 4, 5, 8, 10], "summary": {"covered_lines": 5, "num_statements": 5, "percent_covered": 100.0, "percent_covered_display": "100.00", "missing_lines": 0, "excluded_lines": 0, "percent_statements_covered": 100.0, "percent_statements_covered_display": "100.00"}, "missing_lines": [], "excluded_lines": []}}, "classes": {"": {"executed_lines": [1, 3, 4, 5, 8, 10], "summary": {"covered_lines": 5, "num_statements": 5, "percent_covered": 100.0, "percent_covered_display": "100.00", "missing_lines": 0, "excluded_lines": 0, "percent_statements_covered": 100.0, "percent_statements_covered_display": "100.00"}, "missing_lines": [], "excluded_lines": []}}}, "src/r2x_reeds/upgrader/data_upgrader.py": {"executed_lines": [1, 3, 4, 6, 9, 10, 12, 30, 32, 34, 35, 36, 37, 39, 40, 41, 42, 43, 44, 47, 48, 50, 52, 60], "summary": {"covered_lines": 21, "num_statements": 21, "percent_covered": 100.0, "percent_covered_display": "100.00", "missing_lines": 0, "excluded_lines": 0, "percent_statements_covered": 100.0, "percent_statements_covered_display": "100.00"}, "missing_lines": [], "excluded_lines": [], "functions": {"ReEDSVersionDetector.read_version": {"executed_lines": [30, 32, 34, 35, 36, 37, 39, 40, 41, 42, 43, 44], "summary": {"covered_lines": 12, "num_statements": 12, "percent_covered": 100.0, "percent_covered_display": "100.00", "missing_lines": 0, "excluded_lines": 0, "percent_statements_covered": 100.0, "percent_statements_covered_display": "100.00"}, "missing_lines": [], "excluded_lines": []}, "ReEDSUpgrader.__init__": {"executed_lines": [60], "summary": {"covered_lines": 1, "num_statements": 1, "percent_covered": 100.0, "percent_covered_display": "100.00", "missing_lines": 0, "excluded_lines": 0, "percent_statements_covered": 100.0, "percent_statements_covered_display": "100.00"}, "missing_lines": [], "excluded_lines": []}, "": {"executed_lines": [1, 3, 4, 6, 9, 10, 12, 47, 48, 50, 52], "summary": {"covered_lines": 8, "num_statements": 8, "percent_covered": 100.0, "percent_covered_display": "100.00", "missing_lines": 0, "excluded_lines": 0, "percent_statements_covered": 100.0, "percent_statements_covered_display": "100.00"}, "missing_lines": [], "excluded_lines": []}}, "classes": {"ReEDSVersionDetector": {"executed_lines": [30, 32, 34, 35, 36, 37, 39, 40, 41, 42, 43, 44], "summary": {"covered_lines": 12, "num_statements": 12, "percent_covered": 100.0, "percent_covered_display": "100.00", "missing_lines": 0, "excluded_lines": 0, "percent_statements_covered": 100.0, "percent_statements_covered_display": "100.00"}, "missing_lines": [], "excluded_lines": []}, "ReEDSUpgrader": {"executed_lines": [60], "summary": {"covered_lines": 1, "num_statements": 1, "percent_covered": 100.0, "percent_covered_display": "100.00", "missing_lines": 0, "excluded_lines": 0, "percent_statements_covered": 100.0, "percent_statements_covered_display": "100.00"}, "missing_lines": [], "excluded_lines": []}, "": {"executed_lines": [1, 3, 4, 6, 9, 10, 12, 47, 48, 50, 52], "summary": {"covered_lines": 8, "num_statements": 8, "percent_covered": 100.0, "percent_covered_display": "100.00", "missing_lines": 0, "excluded_lines": 0, "percent_statements_covered": 100.0, "percent_statements_covered_display": "100.00"}, "missing_lines": [], "excluded_lines": []}}}, "src/r2x_reeds/upgrader/helpers.py": {"executed_lines": [1, 3, 4, 5, 6, 8, 10, 11, 14, 16, 17, 18, 19, 20, 21, 22, 23, 24, 25, 26, 27, 28, 29, 31, 32, 33, 34, 36, 39, 70, 71, 72, 73, 74, 75, 77, 79], "summary": {"covered_lines": 36, "num_statements": 36, "percent_covered": 100.0, "percent_covered_display": "100.00", "missing_lines": 0, "excluded_lines": 0, "percent_statements_covered": 100.0, "percent_statements_covered_display": "100.00"}, "missing_lines": [], "excluded_lines": [], "functions": {"validate_string": {"executed_lines": [16, 17, 18, 19, 20, 21, 22, 23, 24, 25, 26, 27, 28, 29, 31, 32, 33, 34, 36], "summary": {"covered_lines": 19, "num_statements": 19, "percent_covered": 100.0, "percent_covered_display": "100.00", "missing_lines": 0, "excluded_lines": 0, "percent_statements_covered": 100.0, "percent_statements_covered_display": "100.00"}, "missing_lines": [], "excluded_lines": []}, "get_function_arguments": {"executed_lines": [70, 71, 72, 73, 74, 75, 77, 79], "summary": {"covered_lines": 8, "num_statements": 8, "percent_covered": 100.0, "percent_covered_display": "100.00", "missing_lines": 0, "excluded_lines": 0, "percent_statements_covered": 100.0, "percent_statements_covered_display": "100.00"}, "missing_lines": [], "excluded_lines": []}, "": {"executed_lines": [1, 3, 4, 5, 6, 8, 10, 11, 14, 39], "summary": {"covered_lines": 9, "num_statements": 9, "percent_covered": 100.0, "percent_covered_display": "100.00", "missing_lines": 0, "excluded_lines": 0, "percent_statements_covered": 100.0, "percent_statements_covered_display": "100.00"}, "missing_lines": [], "excluded_lines": []}}, "classes": {"": {"executed_lines": [1, 3, 4, 5, 6, 8, 10, 11, 14, 16, 17, 18, 19, 20, 21, 22, 23, 24, 25, 26, 27, 28, 29, 31, 32, 33, 34, 36, 39, 70, 71, 72, 73, 74, 75, 77, 79], "summary": {"covered_lines": 36, "num_statements": 36, "percent_covered": 100.0, "percent_covered_display": "100.00", "missing_lines": 0, "excluded_lines": 0, "percent_statements_covered": 100.0, "percent_statements_covered_display": "100.00"}, "missing_lines": [], "excluded_lines": []}}}, "src/r2x_reeds/upgrader/upgrade_steps.py": {"executed_lines": [1, 3, 4, 6, 8, 9, 12, 18, 19, 22, 23, 24, 27, 33, 34, 37, 39, 44, 45, 46, 48, 49, 50, 52, 56, 57, 61], "summary": {"covered_lines": 26, "num_statements": 29, "percent_covered": 89.65517241379311, "percent_covered_display": "89.66", "missing_lines": 3, "excluded_lines": 0, "percent_statements_covered": 89.65517241379311, "percent_statements_covered_display": "89.66"}, "missing_lines": [28, 53, 54], "excluded_lines": [], "functions": {"move_hmap_file": {"executed_lines": [18, 19, 22, 23, 24, 27, 33, 34], "summary": {"covered_lines": 8, "num_statements": 9, "percent_covered": 88.88888888888889, "percent_covered_display": "88.89", "missing_lines": 1, "excluded_lines": 0, "percent_statements_covered": 88.88888888888889, "percent_statements_covered_display": "88.89"}, "missing_lines": [28], "excluded_lines": []}, "move_transmission_cost": {"executed_lines": [39, 44, 45, 46, 48, 49, 50, 52, 56, 57], "summary": {"covered_lines": 10, "num_statements": 12, "percent_covered": 83.33333333333333, "percent_covered_display": "83.33", "missing_lines": 2, "excluded_lines": 0, "percent_statements_covered": 83.33333333333333, "percent_statements_covered_display": "83.33"}, "missing_lines": [53, 54], "excluded_lines": []}, "": {"executed_lines": [1, 3, 4, 6, 8, 9, 12, 37, 61], "summary": {"covered_lines": 8, "num_statements": 8, "percent_covered": 100.0, "percent_covered_display": "100.00", "missing_lines": 0, "excluded_lines": 0, "percent_statements_covered": 100.0, "percent_statements_covered_display": "100.00"}, "missing_lines": [], "excluded_lines": []}}, "classes": {"": {"executed_lines": [1, 3, 4, 6, 8, 9, 12, 18, 19, 22, 23, 24, 27, 33, 34, 37, 39, 44, 45, 46, 48, 49, 50, 52, 56, 57, 61], "summary": {"covered_lines": 26, "num_statements": 29, "percent_covered": 89.65517241379311, "percent_covered_display": "89.66", "missing_lines": 3, "excluded_lines": 0, "percent_statements_covered": 89.65517241379311, "percent_statements_covered_display": "89.66"}, "missing_lines": [28, 53, 54], "excluded_lines": []}}}}, "totals": {"covered_lines": 2050, "num_statements": 2311, "percent_covered": 88.70618779749026, "percent_covered_display": "88.71", "missing_lines": 261, "excluded_lines": 13, "percent_statements_covered": 88.70618779749026, "percent_statements_covered_display": "88.71"}}
